,number,value,duration,params_Dropout,params_learn_rate,system_attrs_grid_id,system_attrs_search_space
285,285,0.49206019888281827,0 days 00:00:12.828754,0.9189655172413792,0.007105263157894736,564,"OrderedDict([('Dropout', [0.05, 0.08103448275862069, 0.11206896551724138, 0.14310344827586208, 0.17413793103448275, 0.20517241379310341, 0.2362068965517241, 0.2672413793103448, 0.2982758620689655, 0.32931034482758614, 0.36034482758620684, 0.39137931034482754, 0.42241379310344823, 0.45344827586206893, 0.48448275862068957, 0.5155172413793103, 0.546551724137931, 0.5775862068965517, 0.6086206896551724, 0.6396551724137931, 0.6706896551724137, 0.7017241379310345, 0.7327586206896551, 0.7637931034482758, 0.7948275862068965, 0.8258620689655172, 0.8568965517241379, 0.8879310344827586, 0.9189655172413792, 0.95]), ('learn_rate', [0.001, 0.002526315789473684, 0.0040526315789473685, 0.005578947368421052, 0.007105263157894736, 0.00863157894736842, 0.010157894736842105, 0.011684210526315787, 0.013210526315789471, 0.014736842105263156, 0.01626315789473684, 0.017789473684210525, 0.01931578947368421, 0.020842105263157894, 0.022368421052631576, 0.02389473684210526, 0.025421052631578945, 0.02694736842105263, 0.028473684210526314, 0.03])])"
286,286,0.2924081996492546,0 days 00:00:12.901969,0.6086206896551724,0.010157894736842105,366,"OrderedDict([('Dropout', [0.05, 0.08103448275862069, 0.11206896551724138, 0.14310344827586208, 0.17413793103448275, 0.20517241379310341, 0.2362068965517241, 0.2672413793103448, 0.2982758620689655, 0.32931034482758614, 0.36034482758620684, 0.39137931034482754, 0.42241379310344823, 0.45344827586206893, 0.48448275862068957, 0.5155172413793103, 0.546551724137931, 0.5775862068965517, 0.6086206896551724, 0.6396551724137931, 0.6706896551724137, 0.7017241379310345, 0.7327586206896551, 0.7637931034482758, 0.7948275862068965, 0.8258620689655172, 0.8568965517241379, 0.8879310344827586, 0.9189655172413792, 0.95]), ('learn_rate', [0.001, 0.002526315789473684, 0.0040526315789473685, 0.005578947368421052, 0.007105263157894736, 0.00863157894736842, 0.010157894736842105, 0.011684210526315787, 0.013210526315789471, 0.014736842105263156, 0.01626315789473684, 0.017789473684210525, 0.01931578947368421, 0.020842105263157894, 0.022368421052631576, 0.02389473684210526, 0.025421052631578945, 0.02694736842105263, 0.028473684210526314, 0.03])])"
287,287,0.03726028696517153,0 days 00:00:12.856528,0.05,0.01931578947368421,12,"OrderedDict([('Dropout', [0.05, 0.08103448275862069, 0.11206896551724138, 0.14310344827586208, 0.17413793103448275, 0.20517241379310341, 0.2362068965517241, 0.2672413793103448, 0.2982758620689655, 0.32931034482758614, 0.36034482758620684, 0.39137931034482754, 0.42241379310344823, 0.45344827586206893, 0.48448275862068957, 0.5155172413793103, 0.546551724137931, 0.5775862068965517, 0.6086206896551724, 0.6396551724137931, 0.6706896551724137, 0.7017241379310345, 0.7327586206896551, 0.7637931034482758, 0.7948275862068965, 0.8258620689655172, 0.8568965517241379, 0.8879310344827586, 0.9189655172413792, 0.95]), ('learn_rate', [0.001, 0.002526315789473684, 0.0040526315789473685, 0.005578947368421052, 0.007105263157894736, 0.00863157894736842, 0.010157894736842105, 0.011684210526315787, 0.013210526315789471, 0.014736842105263156, 0.01626315789473684, 0.017789473684210525, 0.01931578947368421, 0.020842105263157894, 0.022368421052631576, 0.02389473684210526, 0.025421052631578945, 0.02694736842105263, 0.028473684210526314, 0.03])])"
288,288,0.5442395323117575,0 days 00:00:12.785674,0.8879310344827586,0.022368421052631576,554,"OrderedDict([('Dropout', [0.05, 0.08103448275862069, 0.11206896551724138, 0.14310344827586208, 0.17413793103448275, 0.20517241379310341, 0.2362068965517241, 0.2672413793103448, 0.2982758620689655, 0.32931034482758614, 0.36034482758620684, 0.39137931034482754, 0.42241379310344823, 0.45344827586206893, 0.48448275862068957, 0.5155172413793103, 0.546551724137931, 0.5775862068965517, 0.6086206896551724, 0.6396551724137931, 0.6706896551724137, 0.7017241379310345, 0.7327586206896551, 0.7637931034482758, 0.7948275862068965, 0.8258620689655172, 0.8568965517241379, 0.8879310344827586, 0.9189655172413792, 0.95]), ('learn_rate', [0.001, 0.002526315789473684, 0.0040526315789473685, 0.005578947368421052, 0.007105263157894736, 0.00863157894736842, 0.010157894736842105, 0.011684210526315787, 0.013210526315789471, 0.014736842105263156, 0.01626315789473684, 0.017789473684210525, 0.01931578947368421, 0.020842105263157894, 0.022368421052631576, 0.02389473684210526, 0.025421052631578945, 0.02694736842105263, 0.028473684210526314, 0.03])])"
289,289,0.059672647555669256,0 days 00:00:12.761635,0.2672413793103448,0.002526315789473684,141,"OrderedDict([('Dropout', [0.05, 0.08103448275862069, 0.11206896551724138, 0.14310344827586208, 0.17413793103448275, 0.20517241379310341, 0.2362068965517241, 0.2672413793103448, 0.2982758620689655, 0.32931034482758614, 0.36034482758620684, 0.39137931034482754, 0.42241379310344823, 0.45344827586206893, 0.48448275862068957, 0.5155172413793103, 0.546551724137931, 0.5775862068965517, 0.6086206896551724, 0.6396551724137931, 0.6706896551724137, 0.7017241379310345, 0.7327586206896551, 0.7637931034482758, 0.7948275862068965, 0.8258620689655172, 0.8568965517241379, 0.8879310344827586, 0.9189655172413792, 0.95]), ('learn_rate', [0.001, 0.002526315789473684, 0.0040526315789473685, 0.005578947368421052, 0.007105263157894736, 0.00863157894736842, 0.010157894736842105, 0.011684210526315787, 0.013210526315789471, 0.014736842105263156, 0.01626315789473684, 0.017789473684210525, 0.01931578947368421, 0.020842105263157894, 0.022368421052631576, 0.02389473684210526, 0.025421052631578945, 0.02694736842105263, 0.028473684210526314, 0.03])])"
290,290,0.10500122404436268,0 days 00:00:13.055153,0.2982758620689655,0.01626315789473684,170,"OrderedDict([('Dropout', [0.05, 0.08103448275862069, 0.11206896551724138, 0.14310344827586208, 0.17413793103448275, 0.20517241379310341, 0.2362068965517241, 0.2672413793103448, 0.2982758620689655, 0.32931034482758614, 0.36034482758620684, 0.39137931034482754, 0.42241379310344823, 0.45344827586206893, 0.48448275862068957, 0.5155172413793103, 0.546551724137931, 0.5775862068965517, 0.6086206896551724, 0.6396551724137931, 0.6706896551724137, 0.7017241379310345, 0.7327586206896551, 0.7637931034482758, 0.7948275862068965, 0.8258620689655172, 0.8568965517241379, 0.8879310344827586, 0.9189655172413792, 0.95]), ('learn_rate', [0.001, 0.002526315789473684, 0.0040526315789473685, 0.005578947368421052, 0.007105263157894736, 0.00863157894736842, 0.010157894736842105, 0.011684210526315787, 0.013210526315789471, 0.014736842105263156, 0.01626315789473684, 0.017789473684210525, 0.01931578947368421, 0.020842105263157894, 0.022368421052631576, 0.02389473684210526, 0.025421052631578945, 0.02694736842105263, 0.028473684210526314, 0.03])])"
291,291,0.09544841040909291,0 days 00:00:12.800407,0.20517241379310341,0.00863157894736842,105,"OrderedDict([('Dropout', [0.05, 0.08103448275862069, 0.11206896551724138, 0.14310344827586208, 0.17413793103448275, 0.20517241379310341, 0.2362068965517241, 0.2672413793103448, 0.2982758620689655, 0.32931034482758614, 0.36034482758620684, 0.39137931034482754, 0.42241379310344823, 0.45344827586206893, 0.48448275862068957, 0.5155172413793103, 0.546551724137931, 0.5775862068965517, 0.6086206896551724, 0.6396551724137931, 0.6706896551724137, 0.7017241379310345, 0.7327586206896551, 0.7637931034482758, 0.7948275862068965, 0.8258620689655172, 0.8568965517241379, 0.8879310344827586, 0.9189655172413792, 0.95]), ('learn_rate', [0.001, 0.002526315789473684, 0.0040526315789473685, 0.005578947368421052, 0.007105263157894736, 0.00863157894736842, 0.010157894736842105, 0.011684210526315787, 0.013210526315789471, 0.014736842105263156, 0.01626315789473684, 0.017789473684210525, 0.01931578947368421, 0.020842105263157894, 0.022368421052631576, 0.02389473684210526, 0.025421052631578945, 0.02694736842105263, 0.028473684210526314, 0.03])])"
292,292,0.06884884002765024,0 days 00:00:13.019248,0.2362068965517241,0.011684210526315787,127,"OrderedDict([('Dropout', [0.05, 0.08103448275862069, 0.11206896551724138, 0.14310344827586208, 0.17413793103448275, 0.20517241379310341, 0.2362068965517241, 0.2672413793103448, 0.2982758620689655, 0.32931034482758614, 0.36034482758620684, 0.39137931034482754, 0.42241379310344823, 0.45344827586206893, 0.48448275862068957, 0.5155172413793103, 0.546551724137931, 0.5775862068965517, 0.6086206896551724, 0.6396551724137931, 0.6706896551724137, 0.7017241379310345, 0.7327586206896551, 0.7637931034482758, 0.7948275862068965, 0.8258620689655172, 0.8568965517241379, 0.8879310344827586, 0.9189655172413792, 0.95]), ('learn_rate', [0.001, 0.002526315789473684, 0.0040526315789473685, 0.005578947368421052, 0.007105263157894736, 0.00863157894736842, 0.010157894736842105, 0.011684210526315787, 0.013210526315789471, 0.014736842105263156, 0.01626315789473684, 0.017789473684210525, 0.01931578947368421, 0.020842105263157894, 0.022368421052631576, 0.02389473684210526, 0.025421052631578945, 0.02694736842105263, 0.028473684210526314, 0.03])])"
293,293,0.5463238097727299,0 days 00:00:12.959892,0.8568965517241379,0.02694736842105263,537,"OrderedDict([('Dropout', [0.05, 0.08103448275862069, 0.11206896551724138, 0.14310344827586208, 0.17413793103448275, 0.20517241379310341, 0.2362068965517241, 0.2672413793103448, 0.2982758620689655, 0.32931034482758614, 0.36034482758620684, 0.39137931034482754, 0.42241379310344823, 0.45344827586206893, 0.48448275862068957, 0.5155172413793103, 0.546551724137931, 0.5775862068965517, 0.6086206896551724, 0.6396551724137931, 0.6706896551724137, 0.7017241379310345, 0.7327586206896551, 0.7637931034482758, 0.7948275862068965, 0.8258620689655172, 0.8568965517241379, 0.8879310344827586, 0.9189655172413792, 0.95]), ('learn_rate', [0.001, 0.002526315789473684, 0.0040526315789473685, 0.005578947368421052, 0.007105263157894736, 0.00863157894736842, 0.010157894736842105, 0.011684210526315787, 0.013210526315789471, 0.014736842105263156, 0.01626315789473684, 0.017789473684210525, 0.01931578947368421, 0.020842105263157894, 0.022368421052631576, 0.02389473684210526, 0.025421052631578945, 0.02694736842105263, 0.028473684210526314, 0.03])])"
294,294,0.05315562222898007,0 days 00:00:12.676385,0.08103448275862069,0.014736842105263156,29,"OrderedDict([('Dropout', [0.05, 0.08103448275862069, 0.11206896551724138, 0.14310344827586208, 0.17413793103448275, 0.20517241379310341, 0.2362068965517241, 0.2672413793103448, 0.2982758620689655, 0.32931034482758614, 0.36034482758620684, 0.39137931034482754, 0.42241379310344823, 0.45344827586206893, 0.48448275862068957, 0.5155172413793103, 0.546551724137931, 0.5775862068965517, 0.6086206896551724, 0.6396551724137931, 0.6706896551724137, 0.7017241379310345, 0.7327586206896551, 0.7637931034482758, 0.7948275862068965, 0.8258620689655172, 0.8568965517241379, 0.8879310344827586, 0.9189655172413792, 0.95]), ('learn_rate', [0.001, 0.002526315789473684, 0.0040526315789473685, 0.005578947368421052, 0.007105263157894736, 0.00863157894736842, 0.010157894736842105, 0.011684210526315787, 0.013210526315789471, 0.014736842105263156, 0.01626315789473684, 0.017789473684210525, 0.01931578947368421, 0.020842105263157894, 0.022368421052631576, 0.02389473684210526, 0.025421052631578945, 0.02694736842105263, 0.028473684210526314, 0.03])])"
295,295,0.2053072892383735,0 days 00:00:12.880763,0.2672413793103448,0.020842105263157894,153,"OrderedDict([('Dropout', [0.05, 0.08103448275862069, 0.11206896551724138, 0.14310344827586208, 0.17413793103448275, 0.20517241379310341, 0.2362068965517241, 0.2672413793103448, 0.2982758620689655, 0.32931034482758614, 0.36034482758620684, 0.39137931034482754, 0.42241379310344823, 0.45344827586206893, 0.48448275862068957, 0.5155172413793103, 0.546551724137931, 0.5775862068965517, 0.6086206896551724, 0.6396551724137931, 0.6706896551724137, 0.7017241379310345, 0.7327586206896551, 0.7637931034482758, 0.7948275862068965, 0.8258620689655172, 0.8568965517241379, 0.8879310344827586, 0.9189655172413792, 0.95]), ('learn_rate', [0.001, 0.002526315789473684, 0.0040526315789473685, 0.005578947368421052, 0.007105263157894736, 0.00863157894736842, 0.010157894736842105, 0.011684210526315787, 0.013210526315789471, 0.014736842105263156, 0.01626315789473684, 0.017789473684210525, 0.01931578947368421, 0.020842105263157894, 0.022368421052631576, 0.02389473684210526, 0.025421052631578945, 0.02694736842105263, 0.028473684210526314, 0.03])])"
296,296,0.5460381671957175,0 days 00:00:12.704055,0.546551724137931,0.03,339,"OrderedDict([('Dropout', [0.05, 0.08103448275862069, 0.11206896551724138, 0.14310344827586208, 0.17413793103448275, 0.20517241379310341, 0.2362068965517241, 0.2672413793103448, 0.2982758620689655, 0.32931034482758614, 0.36034482758620684, 0.39137931034482754, 0.42241379310344823, 0.45344827586206893, 0.48448275862068957, 0.5155172413793103, 0.546551724137931, 0.5775862068965517, 0.6086206896551724, 0.6396551724137931, 0.6706896551724137, 0.7017241379310345, 0.7327586206896551, 0.7637931034482758, 0.7948275862068965, 0.8258620689655172, 0.8568965517241379, 0.8879310344827586, 0.9189655172413792, 0.95]), ('learn_rate', [0.001, 0.002526315789473684, 0.0040526315789473685, 0.005578947368421052, 0.007105263157894736, 0.00863157894736842, 0.010157894736842105, 0.011684210526315787, 0.013210526315789471, 0.014736842105263156, 0.01626315789473684, 0.017789473684210525, 0.01931578947368421, 0.020842105263157894, 0.022368421052631576, 0.02389473684210526, 0.025421052631578945, 0.02694736842105263, 0.028473684210526314, 0.03])])"
297,297,0.5441566762129466,0 days 00:00:12.712586,0.8258620689655172,0.020842105263157894,513,"OrderedDict([('Dropout', [0.05, 0.08103448275862069, 0.11206896551724138, 0.14310344827586208, 0.17413793103448275, 0.20517241379310341, 0.2362068965517241, 0.2672413793103448, 0.2982758620689655, 0.32931034482758614, 0.36034482758620684, 0.39137931034482754, 0.42241379310344823, 0.45344827586206893, 0.48448275862068957, 0.5155172413793103, 0.546551724137931, 0.5775862068965517, 0.6086206896551724, 0.6396551724137931, 0.6706896551724137, 0.7017241379310345, 0.7327586206896551, 0.7637931034482758, 0.7948275862068965, 0.8258620689655172, 0.8568965517241379, 0.8879310344827586, 0.9189655172413792, 0.95]), ('learn_rate', [0.001, 0.002526315789473684, 0.0040526315789473685, 0.005578947368421052, 0.007105263157894736, 0.00863157894736842, 0.010157894736842105, 0.011684210526315787, 0.013210526315789471, 0.014736842105263156, 0.01626315789473684, 0.017789473684210525, 0.01931578947368421, 0.020842105263157894, 0.022368421052631576, 0.02389473684210526, 0.025421052631578945, 0.02694736842105263, 0.028473684210526314, 0.03])])"
298,298,0.09439073723375796,0 days 00:00:12.689395,0.14310344827586208,0.013210526315789471,68,"OrderedDict([('Dropout', [0.05, 0.08103448275862069, 0.11206896551724138, 0.14310344827586208, 0.17413793103448275, 0.20517241379310341, 0.2362068965517241, 0.2672413793103448, 0.2982758620689655, 0.32931034482758614, 0.36034482758620684, 0.39137931034482754, 0.42241379310344823, 0.45344827586206893, 0.48448275862068957, 0.5155172413793103, 0.546551724137931, 0.5775862068965517, 0.6086206896551724, 0.6396551724137931, 0.6706896551724137, 0.7017241379310345, 0.7327586206896551, 0.7637931034482758, 0.7948275862068965, 0.8258620689655172, 0.8568965517241379, 0.8879310344827586, 0.9189655172413792, 0.95]), ('learn_rate', [0.001, 0.002526315789473684, 0.0040526315789473685, 0.005578947368421052, 0.007105263157894736, 0.00863157894736842, 0.010157894736842105, 0.011684210526315787, 0.013210526315789471, 0.014736842105263156, 0.01626315789473684, 0.017789473684210525, 0.01931578947368421, 0.020842105263157894, 0.022368421052631576, 0.02389473684210526, 0.025421052631578945, 0.02694736842105263, 0.028473684210526314, 0.03])])"
299,299,0.16249767887771138,0 days 00:00:12.918094,0.48448275862068957,0.002526315789473684,281,"OrderedDict([('Dropout', [0.05, 0.08103448275862069, 0.11206896551724138, 0.14310344827586208, 0.17413793103448275, 0.20517241379310341, 0.2362068965517241, 0.2672413793103448, 0.2982758620689655, 0.32931034482758614, 0.36034482758620684, 0.39137931034482754, 0.42241379310344823, 0.45344827586206893, 0.48448275862068957, 0.5155172413793103, 0.546551724137931, 0.5775862068965517, 0.6086206896551724, 0.6396551724137931, 0.6706896551724137, 0.7017241379310345, 0.7327586206896551, 0.7637931034482758, 0.7948275862068965, 0.8258620689655172, 0.8568965517241379, 0.8879310344827586, 0.9189655172413792, 0.95]), ('learn_rate', [0.001, 0.002526315789473684, 0.0040526315789473685, 0.005578947368421052, 0.007105263157894736, 0.00863157894736842, 0.010157894736842105, 0.011684210526315787, 0.013210526315789471, 0.014736842105263156, 0.01626315789473684, 0.017789473684210525, 0.01931578947368421, 0.020842105263157894, 0.022368421052631576, 0.02389473684210526, 0.025421052631578945, 0.02694736842105263, 0.028473684210526314, 0.03])])"
300,300,0.5196799872970581,0 days 00:00:12.542518,0.9189655172413792,0.01931578947368421,572,"OrderedDict([('Dropout', [0.05, 0.08103448275862069, 0.11206896551724138, 0.14310344827586208, 0.17413793103448275, 0.20517241379310341, 0.2362068965517241, 0.2672413793103448, 0.2982758620689655, 0.32931034482758614, 0.36034482758620684, 0.39137931034482754, 0.42241379310344823, 0.45344827586206893, 0.48448275862068957, 0.5155172413793103, 0.546551724137931, 0.5775862068965517, 0.6086206896551724, 0.6396551724137931, 0.6706896551724137, 0.7017241379310345, 0.7327586206896551, 0.7637931034482758, 0.7948275862068965, 0.8258620689655172, 0.8568965517241379, 0.8879310344827586, 0.9189655172413792, 0.95]), ('learn_rate', [0.001, 0.002526315789473684, 0.0040526315789473685, 0.005578947368421052, 0.007105263157894736, 0.00863157894736842, 0.010157894736842105, 0.011684210526315787, 0.013210526315789471, 0.014736842105263156, 0.01626315789473684, 0.017789473684210525, 0.01931578947368421, 0.020842105263157894, 0.022368421052631576, 0.02389473684210526, 0.025421052631578945, 0.02694736842105263, 0.028473684210526314, 0.03])])"
301,301,0.5457553043961525,0 days 00:00:12.559455,0.5775862068965517,0.02694736842105263,357,"OrderedDict([('Dropout', [0.05, 0.08103448275862069, 0.11206896551724138, 0.14310344827586208, 0.17413793103448275, 0.20517241379310341, 0.2362068965517241, 0.2672413793103448, 0.2982758620689655, 0.32931034482758614, 0.36034482758620684, 0.39137931034482754, 0.42241379310344823, 0.45344827586206893, 0.48448275862068957, 0.5155172413793103, 0.546551724137931, 0.5775862068965517, 0.6086206896551724, 0.6396551724137931, 0.6706896551724137, 0.7017241379310345, 0.7327586206896551, 0.7637931034482758, 0.7948275862068965, 0.8258620689655172, 0.8568965517241379, 0.8879310344827586, 0.9189655172413792, 0.95]), ('learn_rate', [0.001, 0.002526315789473684, 0.0040526315789473685, 0.005578947368421052, 0.007105263157894736, 0.00863157894736842, 0.010157894736842105, 0.011684210526315787, 0.013210526315789471, 0.014736842105263156, 0.01626315789473684, 0.017789473684210525, 0.01931578947368421, 0.020842105263157894, 0.022368421052631576, 0.02389473684210526, 0.025421052631578945, 0.02694736842105263, 0.028473684210526314, 0.03])])"
302,302,0.5461458127927781,0 days 00:00:12.716268,0.7017241379310345,0.03,439,"OrderedDict([('Dropout', [0.05, 0.08103448275862069, 0.11206896551724138, 0.14310344827586208, 0.17413793103448275, 0.20517241379310341, 0.2362068965517241, 0.2672413793103448, 0.2982758620689655, 0.32931034482758614, 0.36034482758620684, 0.39137931034482754, 0.42241379310344823, 0.45344827586206893, 0.48448275862068957, 0.5155172413793103, 0.546551724137931, 0.5775862068965517, 0.6086206896551724, 0.6396551724137931, 0.6706896551724137, 0.7017241379310345, 0.7327586206896551, 0.7637931034482758, 0.7948275862068965, 0.8258620689655172, 0.8568965517241379, 0.8879310344827586, 0.9189655172413792, 0.95]), ('learn_rate', [0.001, 0.002526315789473684, 0.0040526315789473685, 0.005578947368421052, 0.007105263157894736, 0.00863157894736842, 0.010157894736842105, 0.011684210526315787, 0.013210526315789471, 0.014736842105263156, 0.01626315789473684, 0.017789473684210525, 0.01931578947368421, 0.020842105263157894, 0.022368421052631576, 0.02389473684210526, 0.025421052631578945, 0.02694736842105263, 0.028473684210526314, 0.03])])"
303,303,0.22999156974514323,0 days 00:00:12.767946,0.2672413793103448,0.03,159,"OrderedDict([('Dropout', [0.05, 0.08103448275862069, 0.11206896551724138, 0.14310344827586208, 0.17413793103448275, 0.20517241379310341, 0.2362068965517241, 0.2672413793103448, 0.2982758620689655, 0.32931034482758614, 0.36034482758620684, 0.39137931034482754, 0.42241379310344823, 0.45344827586206893, 0.48448275862068957, 0.5155172413793103, 0.546551724137931, 0.5775862068965517, 0.6086206896551724, 0.6396551724137931, 0.6706896551724137, 0.7017241379310345, 0.7327586206896551, 0.7637931034482758, 0.7948275862068965, 0.8258620689655172, 0.8568965517241379, 0.8879310344827586, 0.9189655172413792, 0.95]), ('learn_rate', [0.001, 0.002526315789473684, 0.0040526315789473685, 0.005578947368421052, 0.007105263157894736, 0.00863157894736842, 0.010157894736842105, 0.011684210526315787, 0.013210526315789471, 0.014736842105263156, 0.01626315789473684, 0.017789473684210525, 0.01931578947368421, 0.020842105263157894, 0.022368421052631576, 0.02389473684210526, 0.025421052631578945, 0.02694736842105263, 0.028473684210526314, 0.03])])"
