,number,value,duration,params_Dropout,params_learn_rate,system_attrs_grid_id,system_attrs_search_space
570,570,0.47870260545770327,0 days 00:00:12.615736,0.8568965517241379,0.014736842105263156,529,"OrderedDict([('Dropout', [0.05, 0.08103448275862069, 0.11206896551724138, 0.14310344827586208, 0.17413793103448275, 0.20517241379310341, 0.2362068965517241, 0.2672413793103448, 0.2982758620689655, 0.32931034482758614, 0.36034482758620684, 0.39137931034482754, 0.42241379310344823, 0.45344827586206893, 0.48448275862068957, 0.5155172413793103, 0.546551724137931, 0.5775862068965517, 0.6086206896551724, 0.6396551724137931, 0.6706896551724137, 0.7017241379310345, 0.7327586206896551, 0.7637931034482758, 0.7948275862068965, 0.8258620689655172, 0.8568965517241379, 0.8879310344827586, 0.9189655172413792, 0.95]), ('learn_rate', [0.001, 0.002526315789473684, 0.0040526315789473685, 0.005578947368421052, 0.007105263157894736, 0.00863157894736842, 0.010157894736842105, 0.011684210526315787, 0.013210526315789471, 0.014736842105263156, 0.01626315789473684, 0.017789473684210525, 0.01931578947368421, 0.020842105263157894, 0.022368421052631576, 0.02389473684210526, 0.025421052631578945, 0.02694736842105263, 0.028473684210526314, 0.03])])"
571,571,0.5316577776499589,0 days 00:00:12.664231,0.7637931034482758,0.02389473684210526,475,"OrderedDict([('Dropout', [0.05, 0.08103448275862069, 0.11206896551724138, 0.14310344827586208, 0.17413793103448275, 0.20517241379310341, 0.2362068965517241, 0.2672413793103448, 0.2982758620689655, 0.32931034482758614, 0.36034482758620684, 0.39137931034482754, 0.42241379310344823, 0.45344827586206893, 0.48448275862068957, 0.5155172413793103, 0.546551724137931, 0.5775862068965517, 0.6086206896551724, 0.6396551724137931, 0.6706896551724137, 0.7017241379310345, 0.7327586206896551, 0.7637931034482758, 0.7948275862068965, 0.8258620689655172, 0.8568965517241379, 0.8879310344827586, 0.9189655172413792, 0.95]), ('learn_rate', [0.001, 0.002526315789473684, 0.0040526315789473685, 0.005578947368421052, 0.007105263157894736, 0.00863157894736842, 0.010157894736842105, 0.011684210526315787, 0.013210526315789471, 0.014736842105263156, 0.01626315789473684, 0.017789473684210525, 0.01931578947368421, 0.020842105263157894, 0.022368421052631576, 0.02389473684210526, 0.025421052631578945, 0.02694736842105263, 0.028473684210526314, 0.03])])"
572,572,0.38705611393809325,0 days 00:00:12.726828,0.8568965517241379,0.001,520,"OrderedDict([('Dropout', [0.05, 0.08103448275862069, 0.11206896551724138, 0.14310344827586208, 0.17413793103448275, 0.20517241379310341, 0.2362068965517241, 0.2672413793103448, 0.2982758620689655, 0.32931034482758614, 0.36034482758620684, 0.39137931034482754, 0.42241379310344823, 0.45344827586206893, 0.48448275862068957, 0.5155172413793103, 0.546551724137931, 0.5775862068965517, 0.6086206896551724, 0.6396551724137931, 0.6706896551724137, 0.7017241379310345, 0.7327586206896551, 0.7637931034482758, 0.7948275862068965, 0.8258620689655172, 0.8568965517241379, 0.8879310344827586, 0.9189655172413792, 0.95]), ('learn_rate', [0.001, 0.002526315789473684, 0.0040526315789473685, 0.005578947368421052, 0.007105263157894736, 0.00863157894736842, 0.010157894736842105, 0.011684210526315787, 0.013210526315789471, 0.014736842105263156, 0.01626315789473684, 0.017789473684210525, 0.01931578947368421, 0.020842105263157894, 0.022368421052631576, 0.02389473684210526, 0.025421052631578945, 0.02694736842105263, 0.028473684210526314, 0.03])])"
573,573,0.30109149139006935,0 days 00:00:13.208126,0.6396551724137931,0.007105263157894736,384,"OrderedDict([('Dropout', [0.05, 0.08103448275862069, 0.11206896551724138, 0.14310344827586208, 0.17413793103448275, 0.20517241379310341, 0.2362068965517241, 0.2672413793103448, 0.2982758620689655, 0.32931034482758614, 0.36034482758620684, 0.39137931034482754, 0.42241379310344823, 0.45344827586206893, 0.48448275862068957, 0.5155172413793103, 0.546551724137931, 0.5775862068965517, 0.6086206896551724, 0.6396551724137931, 0.6706896551724137, 0.7017241379310345, 0.7327586206896551, 0.7637931034482758, 0.7948275862068965, 0.8258620689655172, 0.8568965517241379, 0.8879310344827586, 0.9189655172413792, 0.95]), ('learn_rate', [0.001, 0.002526315789473684, 0.0040526315789473685, 0.005578947368421052, 0.007105263157894736, 0.00863157894736842, 0.010157894736842105, 0.011684210526315787, 0.013210526315789471, 0.014736842105263156, 0.01626315789473684, 0.017789473684210525, 0.01931578947368421, 0.020842105263157894, 0.022368421052631576, 0.02389473684210526, 0.025421052631578945, 0.02694736842105263, 0.028473684210526314, 0.03])])"
574,574,0.13360216087639337,0 days 00:00:12.980341,0.45344827586206893,0.0040526315789473685,262,"OrderedDict([('Dropout', [0.05, 0.08103448275862069, 0.11206896551724138, 0.14310344827586208, 0.17413793103448275, 0.20517241379310341, 0.2362068965517241, 0.2672413793103448, 0.2982758620689655, 0.32931034482758614, 0.36034482758620684, 0.39137931034482754, 0.42241379310344823, 0.45344827586206893, 0.48448275862068957, 0.5155172413793103, 0.546551724137931, 0.5775862068965517, 0.6086206896551724, 0.6396551724137931, 0.6706896551724137, 0.7017241379310345, 0.7327586206896551, 0.7637931034482758, 0.7948275862068965, 0.8258620689655172, 0.8568965517241379, 0.8879310344827586, 0.9189655172413792, 0.95]), ('learn_rate', [0.001, 0.002526315789473684, 0.0040526315789473685, 0.005578947368421052, 0.007105263157894736, 0.00863157894736842, 0.010157894736842105, 0.011684210526315787, 0.013210526315789471, 0.014736842105263156, 0.01626315789473684, 0.017789473684210525, 0.01931578947368421, 0.020842105263157894, 0.022368421052631576, 0.02389473684210526, 0.025421052631578945, 0.02694736842105263, 0.028473684210526314, 0.03])])"
575,575,0.40917287175456685,0 days 00:00:12.714002,0.7327586206896551,0.0040526315789473685,442,"OrderedDict([('Dropout', [0.05, 0.08103448275862069, 0.11206896551724138, 0.14310344827586208, 0.17413793103448275, 0.20517241379310341, 0.2362068965517241, 0.2672413793103448, 0.2982758620689655, 0.32931034482758614, 0.36034482758620684, 0.39137931034482754, 0.42241379310344823, 0.45344827586206893, 0.48448275862068957, 0.5155172413793103, 0.546551724137931, 0.5775862068965517, 0.6086206896551724, 0.6396551724137931, 0.6706896551724137, 0.7017241379310345, 0.7327586206896551, 0.7637931034482758, 0.7948275862068965, 0.8258620689655172, 0.8568965517241379, 0.8879310344827586, 0.9189655172413792, 0.95]), ('learn_rate', [0.001, 0.002526315789473684, 0.0040526315789473685, 0.005578947368421052, 0.007105263157894736, 0.00863157894736842, 0.010157894736842105, 0.011684210526315787, 0.013210526315789471, 0.014736842105263156, 0.01626315789473684, 0.017789473684210525, 0.01931578947368421, 0.020842105263157894, 0.022368421052631576, 0.02389473684210526, 0.025421052631578945, 0.02694736842105263, 0.028473684210526314, 0.03])])"
576,576,0.04030031346221774,0 days 00:00:12.978498,0.20517241379310341,0.001,100,"OrderedDict([('Dropout', [0.05, 0.08103448275862069, 0.11206896551724138, 0.14310344827586208, 0.17413793103448275, 0.20517241379310341, 0.2362068965517241, 0.2672413793103448, 0.2982758620689655, 0.32931034482758614, 0.36034482758620684, 0.39137931034482754, 0.42241379310344823, 0.45344827586206893, 0.48448275862068957, 0.5155172413793103, 0.546551724137931, 0.5775862068965517, 0.6086206896551724, 0.6396551724137931, 0.6706896551724137, 0.7017241379310345, 0.7327586206896551, 0.7637931034482758, 0.7948275862068965, 0.8258620689655172, 0.8568965517241379, 0.8879310344827586, 0.9189655172413792, 0.95]), ('learn_rate', [0.001, 0.002526315789473684, 0.0040526315789473685, 0.005578947368421052, 0.007105263157894736, 0.00863157894736842, 0.010157894736842105, 0.011684210526315787, 0.013210526315789471, 0.014736842105263156, 0.01626315789473684, 0.017789473684210525, 0.01931578947368421, 0.020842105263157894, 0.022368421052631576, 0.02389473684210526, 0.025421052631578945, 0.02694736842105263, 0.028473684210526314, 0.03])])"
577,577,0.14494031172474225,0 days 00:00:12.738826,0.2362068965517241,0.02694736842105263,137,"OrderedDict([('Dropout', [0.05, 0.08103448275862069, 0.11206896551724138, 0.14310344827586208, 0.17413793103448275, 0.20517241379310341, 0.2362068965517241, 0.2672413793103448, 0.2982758620689655, 0.32931034482758614, 0.36034482758620684, 0.39137931034482754, 0.42241379310344823, 0.45344827586206893, 0.48448275862068957, 0.5155172413793103, 0.546551724137931, 0.5775862068965517, 0.6086206896551724, 0.6396551724137931, 0.6706896551724137, 0.7017241379310345, 0.7327586206896551, 0.7637931034482758, 0.7948275862068965, 0.8258620689655172, 0.8568965517241379, 0.8879310344827586, 0.9189655172413792, 0.95]), ('learn_rate', [0.001, 0.002526315789473684, 0.0040526315789473685, 0.005578947368421052, 0.007105263157894736, 0.00863157894736842, 0.010157894736842105, 0.011684210526315787, 0.013210526315789471, 0.014736842105263156, 0.01626315789473684, 0.017789473684210525, 0.01931578947368421, 0.020842105263157894, 0.022368421052631576, 0.02389473684210526, 0.025421052631578945, 0.02694736842105263, 0.028473684210526314, 0.03])])"
578,578,0.401616231708924,0 days 00:00:13.153117,0.546551724137931,0.01626315789473684,330,"OrderedDict([('Dropout', [0.05, 0.08103448275862069, 0.11206896551724138, 0.14310344827586208, 0.17413793103448275, 0.20517241379310341, 0.2362068965517241, 0.2672413793103448, 0.2982758620689655, 0.32931034482758614, 0.36034482758620684, 0.39137931034482754, 0.42241379310344823, 0.45344827586206893, 0.48448275862068957, 0.5155172413793103, 0.546551724137931, 0.5775862068965517, 0.6086206896551724, 0.6396551724137931, 0.6706896551724137, 0.7017241379310345, 0.7327586206896551, 0.7637931034482758, 0.7948275862068965, 0.8258620689655172, 0.8568965517241379, 0.8879310344827586, 0.9189655172413792, 0.95]), ('learn_rate', [0.001, 0.002526315789473684, 0.0040526315789473685, 0.005578947368421052, 0.007105263157894736, 0.00863157894736842, 0.010157894736842105, 0.011684210526315787, 0.013210526315789471, 0.014736842105263156, 0.01626315789473684, 0.017789473684210525, 0.01931578947368421, 0.020842105263157894, 0.022368421052631576, 0.02389473684210526, 0.025421052631578945, 0.02694736842105263, 0.028473684210526314, 0.03])])"
579,579,0.3096160001758735,0 days 00:00:13.152614,0.42241379310344823,0.022368421052631576,254,"OrderedDict([('Dropout', [0.05, 0.08103448275862069, 0.11206896551724138, 0.14310344827586208, 0.17413793103448275, 0.20517241379310341, 0.2362068965517241, 0.2672413793103448, 0.2982758620689655, 0.32931034482758614, 0.36034482758620684, 0.39137931034482754, 0.42241379310344823, 0.45344827586206893, 0.48448275862068957, 0.5155172413793103, 0.546551724137931, 0.5775862068965517, 0.6086206896551724, 0.6396551724137931, 0.6706896551724137, 0.7017241379310345, 0.7327586206896551, 0.7637931034482758, 0.7948275862068965, 0.8258620689655172, 0.8568965517241379, 0.8879310344827586, 0.9189655172413792, 0.95]), ('learn_rate', [0.001, 0.002526315789473684, 0.0040526315789473685, 0.005578947368421052, 0.007105263157894736, 0.00863157894736842, 0.010157894736842105, 0.011684210526315787, 0.013210526315789471, 0.014736842105263156, 0.01626315789473684, 0.017789473684210525, 0.01931578947368421, 0.020842105263157894, 0.022368421052631576, 0.02389473684210526, 0.025421052631578945, 0.02694736842105263, 0.028473684210526314, 0.03])])"
580,580,0.0571862818983197,0 days 00:00:13.285973,0.05,0.03,19,"OrderedDict([('Dropout', [0.05, 0.08103448275862069, 0.11206896551724138, 0.14310344827586208, 0.17413793103448275, 0.20517241379310341, 0.2362068965517241, 0.2672413793103448, 0.2982758620689655, 0.32931034482758614, 0.36034482758620684, 0.39137931034482754, 0.42241379310344823, 0.45344827586206893, 0.48448275862068957, 0.5155172413793103, 0.546551724137931, 0.5775862068965517, 0.6086206896551724, 0.6396551724137931, 0.6706896551724137, 0.7017241379310345, 0.7327586206896551, 0.7637931034482758, 0.7948275862068965, 0.8258620689655172, 0.8568965517241379, 0.8879310344827586, 0.9189655172413792, 0.95]), ('learn_rate', [0.001, 0.002526315789473684, 0.0040526315789473685, 0.005578947368421052, 0.007105263157894736, 0.00863157894736842, 0.010157894736842105, 0.011684210526315787, 0.013210526315789471, 0.014736842105263156, 0.01626315789473684, 0.017789473684210525, 0.01931578947368421, 0.020842105263157894, 0.022368421052631576, 0.02389473684210526, 0.025421052631578945, 0.02694736842105263, 0.028473684210526314, 0.03])])"
581,581,0.30781279198924705,0 days 00:00:12.952523,0.6396551724137931,0.005578947368421052,383,"OrderedDict([('Dropout', [0.05, 0.08103448275862069, 0.11206896551724138, 0.14310344827586208, 0.17413793103448275, 0.20517241379310341, 0.2362068965517241, 0.2672413793103448, 0.2982758620689655, 0.32931034482758614, 0.36034482758620684, 0.39137931034482754, 0.42241379310344823, 0.45344827586206893, 0.48448275862068957, 0.5155172413793103, 0.546551724137931, 0.5775862068965517, 0.6086206896551724, 0.6396551724137931, 0.6706896551724137, 0.7017241379310345, 0.7327586206896551, 0.7637931034482758, 0.7948275862068965, 0.8258620689655172, 0.8568965517241379, 0.8879310344827586, 0.9189655172413792, 0.95]), ('learn_rate', [0.001, 0.002526315789473684, 0.0040526315789473685, 0.005578947368421052, 0.007105263157894736, 0.00863157894736842, 0.010157894736842105, 0.011684210526315787, 0.013210526315789471, 0.014736842105263156, 0.01626315789473684, 0.017789473684210525, 0.01931578947368421, 0.020842105263157894, 0.022368421052631576, 0.02389473684210526, 0.025421052631578945, 0.02694736842105263, 0.028473684210526314, 0.03])])"
582,582,0.18363253531376533,0 days 00:00:13.002480,0.42241379310344823,0.013210526315789471,248,"OrderedDict([('Dropout', [0.05, 0.08103448275862069, 0.11206896551724138, 0.14310344827586208, 0.17413793103448275, 0.20517241379310341, 0.2362068965517241, 0.2672413793103448, 0.2982758620689655, 0.32931034482758614, 0.36034482758620684, 0.39137931034482754, 0.42241379310344823, 0.45344827586206893, 0.48448275862068957, 0.5155172413793103, 0.546551724137931, 0.5775862068965517, 0.6086206896551724, 0.6396551724137931, 0.6706896551724137, 0.7017241379310345, 0.7327586206896551, 0.7637931034482758, 0.7948275862068965, 0.8258620689655172, 0.8568965517241379, 0.8879310344827586, 0.9189655172413792, 0.95]), ('learn_rate', [0.001, 0.002526315789473684, 0.0040526315789473685, 0.005578947368421052, 0.007105263157894736, 0.00863157894736842, 0.010157894736842105, 0.011684210526315787, 0.013210526315789471, 0.014736842105263156, 0.01626315789473684, 0.017789473684210525, 0.01931578947368421, 0.020842105263157894, 0.022368421052631576, 0.02389473684210526, 0.025421052631578945, 0.02694736842105263, 0.028473684210526314, 0.03])])"
583,583,0.11821254509329793,0 days 00:00:13.138609,0.2982758620689655,0.017789473684210525,171,"OrderedDict([('Dropout', [0.05, 0.08103448275862069, 0.11206896551724138, 0.14310344827586208, 0.17413793103448275, 0.20517241379310341, 0.2362068965517241, 0.2672413793103448, 0.2982758620689655, 0.32931034482758614, 0.36034482758620684, 0.39137931034482754, 0.42241379310344823, 0.45344827586206893, 0.48448275862068957, 0.5155172413793103, 0.546551724137931, 0.5775862068965517, 0.6086206896551724, 0.6396551724137931, 0.6706896551724137, 0.7017241379310345, 0.7327586206896551, 0.7637931034482758, 0.7948275862068965, 0.8258620689655172, 0.8568965517241379, 0.8879310344827586, 0.9189655172413792, 0.95]), ('learn_rate', [0.001, 0.002526315789473684, 0.0040526315789473685, 0.005578947368421052, 0.007105263157894736, 0.00863157894736842, 0.010157894736842105, 0.011684210526315787, 0.013210526315789471, 0.014736842105263156, 0.01626315789473684, 0.017789473684210525, 0.01931578947368421, 0.020842105263157894, 0.022368421052631576, 0.02389473684210526, 0.025421052631578945, 0.02694736842105263, 0.028473684210526314, 0.03])])"
584,584,0.14117537417570758,0 days 00:00:12.950380,0.14310344827586208,0.02389473684210526,75,"OrderedDict([('Dropout', [0.05, 0.08103448275862069, 0.11206896551724138, 0.14310344827586208, 0.17413793103448275, 0.20517241379310341, 0.2362068965517241, 0.2672413793103448, 0.2982758620689655, 0.32931034482758614, 0.36034482758620684, 0.39137931034482754, 0.42241379310344823, 0.45344827586206893, 0.48448275862068957, 0.5155172413793103, 0.546551724137931, 0.5775862068965517, 0.6086206896551724, 0.6396551724137931, 0.6706896551724137, 0.7017241379310345, 0.7327586206896551, 0.7637931034482758, 0.7948275862068965, 0.8258620689655172, 0.8568965517241379, 0.8879310344827586, 0.9189655172413792, 0.95]), ('learn_rate', [0.001, 0.002526315789473684, 0.0040526315789473685, 0.005578947368421052, 0.007105263157894736, 0.00863157894736842, 0.010157894736842105, 0.011684210526315787, 0.013210526315789471, 0.014736842105263156, 0.01626315789473684, 0.017789473684210525, 0.01931578947368421, 0.020842105263157894, 0.022368421052631576, 0.02389473684210526, 0.025421052631578945, 0.02694736842105263, 0.028473684210526314, 0.03])])"
585,585,0.5083750129584471,0 days 00:00:12.805523,0.6396551724137931,0.03,399,"OrderedDict([('Dropout', [0.05, 0.08103448275862069, 0.11206896551724138, 0.14310344827586208, 0.17413793103448275, 0.20517241379310341, 0.2362068965517241, 0.2672413793103448, 0.2982758620689655, 0.32931034482758614, 0.36034482758620684, 0.39137931034482754, 0.42241379310344823, 0.45344827586206893, 0.48448275862068957, 0.5155172413793103, 0.546551724137931, 0.5775862068965517, 0.6086206896551724, 0.6396551724137931, 0.6706896551724137, 0.7017241379310345, 0.7327586206896551, 0.7637931034482758, 0.7948275862068965, 0.8258620689655172, 0.8568965517241379, 0.8879310344827586, 0.9189655172413792, 0.95]), ('learn_rate', [0.001, 0.002526315789473684, 0.0040526315789473685, 0.005578947368421052, 0.007105263157894736, 0.00863157894736842, 0.010157894736842105, 0.011684210526315787, 0.013210526315789471, 0.014736842105263156, 0.01626315789473684, 0.017789473684210525, 0.01931578947368421, 0.020842105263157894, 0.022368421052631576, 0.02389473684210526, 0.025421052631578945, 0.02694736842105263, 0.028473684210526314, 0.03])])"
586,586,0.2725489207959176,0 days 00:00:12.962767,0.39137931034482754,0.02389473684210526,235,"OrderedDict([('Dropout', [0.05, 0.08103448275862069, 0.11206896551724138, 0.14310344827586208, 0.17413793103448275, 0.20517241379310341, 0.2362068965517241, 0.2672413793103448, 0.2982758620689655, 0.32931034482758614, 0.36034482758620684, 0.39137931034482754, 0.42241379310344823, 0.45344827586206893, 0.48448275862068957, 0.5155172413793103, 0.546551724137931, 0.5775862068965517, 0.6086206896551724, 0.6396551724137931, 0.6706896551724137, 0.7017241379310345, 0.7327586206896551, 0.7637931034482758, 0.7948275862068965, 0.8258620689655172, 0.8568965517241379, 0.8879310344827586, 0.9189655172413792, 0.95]), ('learn_rate', [0.001, 0.002526315789473684, 0.0040526315789473685, 0.005578947368421052, 0.007105263157894736, 0.00863157894736842, 0.010157894736842105, 0.011684210526315787, 0.013210526315789471, 0.014736842105263156, 0.01626315789473684, 0.017789473684210525, 0.01931578947368421, 0.020842105263157894, 0.022368421052631576, 0.02389473684210526, 0.025421052631578945, 0.02694736842105263, 0.028473684210526314, 0.03])])"
587,587,0.15225494002600515,0 days 00:00:12.917043,0.36034482758620684,0.007105263157894736,204,"OrderedDict([('Dropout', [0.05, 0.08103448275862069, 0.11206896551724138, 0.14310344827586208, 0.17413793103448275, 0.20517241379310341, 0.2362068965517241, 0.2672413793103448, 0.2982758620689655, 0.32931034482758614, 0.36034482758620684, 0.39137931034482754, 0.42241379310344823, 0.45344827586206893, 0.48448275862068957, 0.5155172413793103, 0.546551724137931, 0.5775862068965517, 0.6086206896551724, 0.6396551724137931, 0.6706896551724137, 0.7017241379310345, 0.7327586206896551, 0.7637931034482758, 0.7948275862068965, 0.8258620689655172, 0.8568965517241379, 0.8879310344827586, 0.9189655172413792, 0.95]), ('learn_rate', [0.001, 0.002526315789473684, 0.0040526315789473685, 0.005578947368421052, 0.007105263157894736, 0.00863157894736842, 0.010157894736842105, 0.011684210526315787, 0.013210526315789471, 0.014736842105263156, 0.01626315789473684, 0.017789473684210525, 0.01931578947368421, 0.020842105263157894, 0.022368421052631576, 0.02389473684210526, 0.025421052631578945, 0.02694736842105263, 0.028473684210526314, 0.03])])"
588,588,0.5428958573540053,0 days 00:00:12.398208,0.8879310344827586,0.01626315789473684,550,"OrderedDict([('Dropout', [0.05, 0.08103448275862069, 0.11206896551724138, 0.14310344827586208, 0.17413793103448275, 0.20517241379310341, 0.2362068965517241, 0.2672413793103448, 0.2982758620689655, 0.32931034482758614, 0.36034482758620684, 0.39137931034482754, 0.42241379310344823, 0.45344827586206893, 0.48448275862068957, 0.5155172413793103, 0.546551724137931, 0.5775862068965517, 0.6086206896551724, 0.6396551724137931, 0.6706896551724137, 0.7017241379310345, 0.7327586206896551, 0.7637931034482758, 0.7948275862068965, 0.8258620689655172, 0.8568965517241379, 0.8879310344827586, 0.9189655172413792, 0.95]), ('learn_rate', [0.001, 0.002526315789473684, 0.0040526315789473685, 0.005578947368421052, 0.007105263157894736, 0.00863157894736842, 0.010157894736842105, 0.011684210526315787, 0.013210526315789471, 0.014736842105263156, 0.01626315789473684, 0.017789473684210525, 0.01931578947368421, 0.020842105263157894, 0.022368421052631576, 0.02389473684210526, 0.025421052631578945, 0.02694736842105263, 0.028473684210526314, 0.03])])"
