,number,value,duration,params_Dropout,params_learn_rate,system_attrs_grid_id,system_attrs_search_space
57,57,0.4195491069618861,0 days 00:00:12.610883,0.9189655172413792,0.022368421052631576,574,"OrderedDict([('Dropout', [0.05, 0.08103448275862069, 0.11206896551724138, 0.14310344827586208, 0.17413793103448275, 0.20517241379310341, 0.2362068965517241, 0.2672413793103448, 0.2982758620689655, 0.32931034482758614, 0.36034482758620684, 0.39137931034482754, 0.42241379310344823, 0.45344827586206893, 0.48448275862068957, 0.5155172413793103, 0.546551724137931, 0.5775862068965517, 0.6086206896551724, 0.6396551724137931, 0.6706896551724137, 0.7017241379310345, 0.7327586206896551, 0.7637931034482758, 0.7948275862068965, 0.8258620689655172, 0.8568965517241379, 0.8879310344827586, 0.9189655172413792, 0.95]), ('learn_rate', [0.001, 0.002526315789473684, 0.0040526315789473685, 0.005578947368421052, 0.007105263157894736, 0.00863157894736842, 0.010157894736842105, 0.011684210526315787, 0.013210526315789471, 0.014736842105263156, 0.01626315789473684, 0.017789473684210525, 0.01931578947368421, 0.020842105263157894, 0.022368421052631576, 0.02389473684210526, 0.025421052631578945, 0.02694736842105263, 0.028473684210526314, 0.03])])"
58,58,0.5212882451176644,0 days 00:00:12.539939,0.7948275862068965,0.00863157894736842,485,"OrderedDict([('Dropout', [0.05, 0.08103448275862069, 0.11206896551724138, 0.14310344827586208, 0.17413793103448275, 0.20517241379310341, 0.2362068965517241, 0.2672413793103448, 0.2982758620689655, 0.32931034482758614, 0.36034482758620684, 0.39137931034482754, 0.42241379310344823, 0.45344827586206893, 0.48448275862068957, 0.5155172413793103, 0.546551724137931, 0.5775862068965517, 0.6086206896551724, 0.6396551724137931, 0.6706896551724137, 0.7017241379310345, 0.7327586206896551, 0.7637931034482758, 0.7948275862068965, 0.8258620689655172, 0.8568965517241379, 0.8879310344827586, 0.9189655172413792, 0.95]), ('learn_rate', [0.001, 0.002526315789473684, 0.0040526315789473685, 0.005578947368421052, 0.007105263157894736, 0.00863157894736842, 0.010157894736842105, 0.011684210526315787, 0.013210526315789471, 0.014736842105263156, 0.01626315789473684, 0.017789473684210525, 0.01931578947368421, 0.020842105263157894, 0.022368421052631576, 0.02389473684210526, 0.025421052631578945, 0.02694736842105263, 0.028473684210526314, 0.03])])"
59,59,0.5469435079284509,0 days 00:00:12.587718,0.6086206896551724,0.03,379,"OrderedDict([('Dropout', [0.05, 0.08103448275862069, 0.11206896551724138, 0.14310344827586208, 0.17413793103448275, 0.20517241379310341, 0.2362068965517241, 0.2672413793103448, 0.2982758620689655, 0.32931034482758614, 0.36034482758620684, 0.39137931034482754, 0.42241379310344823, 0.45344827586206893, 0.48448275862068957, 0.5155172413793103, 0.546551724137931, 0.5775862068965517, 0.6086206896551724, 0.6396551724137931, 0.6706896551724137, 0.7017241379310345, 0.7327586206896551, 0.7637931034482758, 0.7948275862068965, 0.8258620689655172, 0.8568965517241379, 0.8879310344827586, 0.9189655172413792, 0.95]), ('learn_rate', [0.001, 0.002526315789473684, 0.0040526315789473685, 0.005578947368421052, 0.007105263157894736, 0.00863157894736842, 0.010157894736842105, 0.011684210526315787, 0.013210526315789471, 0.014736842105263156, 0.01626315789473684, 0.017789473684210525, 0.01931578947368421, 0.020842105263157894, 0.022368421052631576, 0.02389473684210526, 0.025421052631578945, 0.02694736842105263, 0.028473684210526314, 0.03])])"
60,60,0.5459743422071139,0 days 00:00:12.629733,0.6396551724137931,0.02694736842105263,397,"OrderedDict([('Dropout', [0.05, 0.08103448275862069, 0.11206896551724138, 0.14310344827586208, 0.17413793103448275, 0.20517241379310341, 0.2362068965517241, 0.2672413793103448, 0.2982758620689655, 0.32931034482758614, 0.36034482758620684, 0.39137931034482754, 0.42241379310344823, 0.45344827586206893, 0.48448275862068957, 0.5155172413793103, 0.546551724137931, 0.5775862068965517, 0.6086206896551724, 0.6396551724137931, 0.6706896551724137, 0.7017241379310345, 0.7327586206896551, 0.7637931034482758, 0.7948275862068965, 0.8258620689655172, 0.8568965517241379, 0.8879310344827586, 0.9189655172413792, 0.95]), ('learn_rate', [0.001, 0.002526315789473684, 0.0040526315789473685, 0.005578947368421052, 0.007105263157894736, 0.00863157894736842, 0.010157894736842105, 0.011684210526315787, 0.013210526315789471, 0.014736842105263156, 0.01626315789473684, 0.017789473684210525, 0.01931578947368421, 0.020842105263157894, 0.022368421052631576, 0.02389473684210526, 0.025421052631578945, 0.02694736842105263, 0.028473684210526314, 0.03])])"
61,61,0.5434418769876163,0 days 00:00:12.720887,0.6396551724137931,0.022368421052631576,394,"OrderedDict([('Dropout', [0.05, 0.08103448275862069, 0.11206896551724138, 0.14310344827586208, 0.17413793103448275, 0.20517241379310341, 0.2362068965517241, 0.2672413793103448, 0.2982758620689655, 0.32931034482758614, 0.36034482758620684, 0.39137931034482754, 0.42241379310344823, 0.45344827586206893, 0.48448275862068957, 0.5155172413793103, 0.546551724137931, 0.5775862068965517, 0.6086206896551724, 0.6396551724137931, 0.6706896551724137, 0.7017241379310345, 0.7327586206896551, 0.7637931034482758, 0.7948275862068965, 0.8258620689655172, 0.8568965517241379, 0.8879310344827586, 0.9189655172413792, 0.95]), ('learn_rate', [0.001, 0.002526315789473684, 0.0040526315789473685, 0.005578947368421052, 0.007105263157894736, 0.00863157894736842, 0.010157894736842105, 0.011684210526315787, 0.013210526315789471, 0.014736842105263156, 0.01626315789473684, 0.017789473684210525, 0.01931578947368421, 0.020842105263157894, 0.022368421052631576, 0.02389473684210526, 0.025421052631578945, 0.02694736842105263, 0.028473684210526314, 0.03])])"
62,62,0.0944133951926232,0 days 00:00:12.650659,0.36034482758620684,0.0040526315789473685,202,"OrderedDict([('Dropout', [0.05, 0.08103448275862069, 0.11206896551724138, 0.14310344827586208, 0.17413793103448275, 0.20517241379310341, 0.2362068965517241, 0.2672413793103448, 0.2982758620689655, 0.32931034482758614, 0.36034482758620684, 0.39137931034482754, 0.42241379310344823, 0.45344827586206893, 0.48448275862068957, 0.5155172413793103, 0.546551724137931, 0.5775862068965517, 0.6086206896551724, 0.6396551724137931, 0.6706896551724137, 0.7017241379310345, 0.7327586206896551, 0.7637931034482758, 0.7948275862068965, 0.8258620689655172, 0.8568965517241379, 0.8879310344827586, 0.9189655172413792, 0.95]), ('learn_rate', [0.001, 0.002526315789473684, 0.0040526315789473685, 0.005578947368421052, 0.007105263157894736, 0.00863157894736842, 0.010157894736842105, 0.011684210526315787, 0.013210526315789471, 0.014736842105263156, 0.01626315789473684, 0.017789473684210525, 0.01931578947368421, 0.020842105263157894, 0.022368421052631576, 0.02389473684210526, 0.025421052631578945, 0.02694736842105263, 0.028473684210526314, 0.03])])"
63,63,0.24993895626008517,0 days 00:00:12.770094,0.20517241379310341,0.01931578947368421,112,"OrderedDict([('Dropout', [0.05, 0.08103448275862069, 0.11206896551724138, 0.14310344827586208, 0.17413793103448275, 0.20517241379310341, 0.2362068965517241, 0.2672413793103448, 0.2982758620689655, 0.32931034482758614, 0.36034482758620684, 0.39137931034482754, 0.42241379310344823, 0.45344827586206893, 0.48448275862068957, 0.5155172413793103, 0.546551724137931, 0.5775862068965517, 0.6086206896551724, 0.6396551724137931, 0.6706896551724137, 0.7017241379310345, 0.7327586206896551, 0.7637931034482758, 0.7948275862068965, 0.8258620689655172, 0.8568965517241379, 0.8879310344827586, 0.9189655172413792, 0.95]), ('learn_rate', [0.001, 0.002526315789473684, 0.0040526315789473685, 0.005578947368421052, 0.007105263157894736, 0.00863157894736842, 0.010157894736842105, 0.011684210526315787, 0.013210526315789471, 0.014736842105263156, 0.01626315789473684, 0.017789473684210525, 0.01931578947368421, 0.020842105263157894, 0.022368421052631576, 0.02389473684210526, 0.025421052631578945, 0.02694736842105263, 0.028473684210526314, 0.03])])"
64,64,0.5447123572230339,0 days 00:00:12.632403,0.6706896551724137,0.020842105263157894,413,"OrderedDict([('Dropout', [0.05, 0.08103448275862069, 0.11206896551724138, 0.14310344827586208, 0.17413793103448275, 0.20517241379310341, 0.2362068965517241, 0.2672413793103448, 0.2982758620689655, 0.32931034482758614, 0.36034482758620684, 0.39137931034482754, 0.42241379310344823, 0.45344827586206893, 0.48448275862068957, 0.5155172413793103, 0.546551724137931, 0.5775862068965517, 0.6086206896551724, 0.6396551724137931, 0.6706896551724137, 0.7017241379310345, 0.7327586206896551, 0.7637931034482758, 0.7948275862068965, 0.8258620689655172, 0.8568965517241379, 0.8879310344827586, 0.9189655172413792, 0.95]), ('learn_rate', [0.001, 0.002526315789473684, 0.0040526315789473685, 0.005578947368421052, 0.007105263157894736, 0.00863157894736842, 0.010157894736842105, 0.011684210526315787, 0.013210526315789471, 0.014736842105263156, 0.01626315789473684, 0.017789473684210525, 0.01931578947368421, 0.020842105263157894, 0.022368421052631576, 0.02389473684210526, 0.025421052631578945, 0.02694736842105263, 0.028473684210526314, 0.03])])"
65,65,0.04234064109037311,0 days 00:00:12.860783,0.05,0.01626315789473684,10,"OrderedDict([('Dropout', [0.05, 0.08103448275862069, 0.11206896551724138, 0.14310344827586208, 0.17413793103448275, 0.20517241379310341, 0.2362068965517241, 0.2672413793103448, 0.2982758620689655, 0.32931034482758614, 0.36034482758620684, 0.39137931034482754, 0.42241379310344823, 0.45344827586206893, 0.48448275862068957, 0.5155172413793103, 0.546551724137931, 0.5775862068965517, 0.6086206896551724, 0.6396551724137931, 0.6706896551724137, 0.7017241379310345, 0.7327586206896551, 0.7637931034482758, 0.7948275862068965, 0.8258620689655172, 0.8568965517241379, 0.8879310344827586, 0.9189655172413792, 0.95]), ('learn_rate', [0.001, 0.002526315789473684, 0.0040526315789473685, 0.005578947368421052, 0.007105263157894736, 0.00863157894736842, 0.010157894736842105, 0.011684210526315787, 0.013210526315789471, 0.014736842105263156, 0.01626315789473684, 0.017789473684210525, 0.01931578947368421, 0.020842105263157894, 0.022368421052631576, 0.02389473684210526, 0.025421052631578945, 0.02694736842105263, 0.028473684210526314, 0.03])])"
66,66,0.22503277770161634,0 days 00:00:12.970622,0.32931034482758614,0.022368421052631576,194,"OrderedDict([('Dropout', [0.05, 0.08103448275862069, 0.11206896551724138, 0.14310344827586208, 0.17413793103448275, 0.20517241379310341, 0.2362068965517241, 0.2672413793103448, 0.2982758620689655, 0.32931034482758614, 0.36034482758620684, 0.39137931034482754, 0.42241379310344823, 0.45344827586206893, 0.48448275862068957, 0.5155172413793103, 0.546551724137931, 0.5775862068965517, 0.6086206896551724, 0.6396551724137931, 0.6706896551724137, 0.7017241379310345, 0.7327586206896551, 0.7637931034482758, 0.7948275862068965, 0.8258620689655172, 0.8568965517241379, 0.8879310344827586, 0.9189655172413792, 0.95]), ('learn_rate', [0.001, 0.002526315789473684, 0.0040526315789473685, 0.005578947368421052, 0.007105263157894736, 0.00863157894736842, 0.010157894736842105, 0.011684210526315787, 0.013210526315789471, 0.014736842105263156, 0.01626315789473684, 0.017789473684210525, 0.01931578947368421, 0.020842105263157894, 0.022368421052631576, 0.02389473684210526, 0.025421052631578945, 0.02694736842105263, 0.028473684210526314, 0.03])])"
67,67,0.1483112846946717,0 days 00:00:12.548485,0.95,0.001,580,"OrderedDict([('Dropout', [0.05, 0.08103448275862069, 0.11206896551724138, 0.14310344827586208, 0.17413793103448275, 0.20517241379310341, 0.2362068965517241, 0.2672413793103448, 0.2982758620689655, 0.32931034482758614, 0.36034482758620684, 0.39137931034482754, 0.42241379310344823, 0.45344827586206893, 0.48448275862068957, 0.5155172413793103, 0.546551724137931, 0.5775862068965517, 0.6086206896551724, 0.6396551724137931, 0.6706896551724137, 0.7017241379310345, 0.7327586206896551, 0.7637931034482758, 0.7948275862068965, 0.8258620689655172, 0.8568965517241379, 0.8879310344827586, 0.9189655172413792, 0.95]), ('learn_rate', [0.001, 0.002526315789473684, 0.0040526315789473685, 0.005578947368421052, 0.007105263157894736, 0.00863157894736842, 0.010157894736842105, 0.011684210526315787, 0.013210526315789471, 0.014736842105263156, 0.01626315789473684, 0.017789473684210525, 0.01931578947368421, 0.020842105263157894, 0.022368421052631576, 0.02389473684210526, 0.025421052631578945, 0.02694736842105263, 0.028473684210526314, 0.03])])"
68,68,0.1890931822081407,0 days 00:00:13.054667,0.11206896551724138,0.02694736842105263,57,"OrderedDict([('Dropout', [0.05, 0.08103448275862069, 0.11206896551724138, 0.14310344827586208, 0.17413793103448275, 0.20517241379310341, 0.2362068965517241, 0.2672413793103448, 0.2982758620689655, 0.32931034482758614, 0.36034482758620684, 0.39137931034482754, 0.42241379310344823, 0.45344827586206893, 0.48448275862068957, 0.5155172413793103, 0.546551724137931, 0.5775862068965517, 0.6086206896551724, 0.6396551724137931, 0.6706896551724137, 0.7017241379310345, 0.7327586206896551, 0.7637931034482758, 0.7948275862068965, 0.8258620689655172, 0.8568965517241379, 0.8879310344827586, 0.9189655172413792, 0.95]), ('learn_rate', [0.001, 0.002526315789473684, 0.0040526315789473685, 0.005578947368421052, 0.007105263157894736, 0.00863157894736842, 0.010157894736842105, 0.011684210526315787, 0.013210526315789471, 0.014736842105263156, 0.01626315789473684, 0.017789473684210525, 0.01931578947368421, 0.020842105263157894, 0.022368421052631576, 0.02389473684210526, 0.025421052631578945, 0.02694736842105263, 0.028473684210526314, 0.03])])"
69,69,0.24184613768974939,0 days 00:00:12.782378,0.48448275862068957,0.005578947368421052,283,"OrderedDict([('Dropout', [0.05, 0.08103448275862069, 0.11206896551724138, 0.14310344827586208, 0.17413793103448275, 0.20517241379310341, 0.2362068965517241, 0.2672413793103448, 0.2982758620689655, 0.32931034482758614, 0.36034482758620684, 0.39137931034482754, 0.42241379310344823, 0.45344827586206893, 0.48448275862068957, 0.5155172413793103, 0.546551724137931, 0.5775862068965517, 0.6086206896551724, 0.6396551724137931, 0.6706896551724137, 0.7017241379310345, 0.7327586206896551, 0.7637931034482758, 0.7948275862068965, 0.8258620689655172, 0.8568965517241379, 0.8879310344827586, 0.9189655172413792, 0.95]), ('learn_rate', [0.001, 0.002526315789473684, 0.0040526315789473685, 0.005578947368421052, 0.007105263157894736, 0.00863157894736842, 0.010157894736842105, 0.011684210526315787, 0.013210526315789471, 0.014736842105263156, 0.01626315789473684, 0.017789473684210525, 0.01931578947368421, 0.020842105263157894, 0.022368421052631576, 0.02389473684210526, 0.025421052631578945, 0.02694736842105263, 0.028473684210526314, 0.03])])"
70,70,0.0465467822513978,0 days 00:00:12.893832,0.17413793103448275,0.002526315789473684,81,"OrderedDict([('Dropout', [0.05, 0.08103448275862069, 0.11206896551724138, 0.14310344827586208, 0.17413793103448275, 0.20517241379310341, 0.2362068965517241, 0.2672413793103448, 0.2982758620689655, 0.32931034482758614, 0.36034482758620684, 0.39137931034482754, 0.42241379310344823, 0.45344827586206893, 0.48448275862068957, 0.5155172413793103, 0.546551724137931, 0.5775862068965517, 0.6086206896551724, 0.6396551724137931, 0.6706896551724137, 0.7017241379310345, 0.7327586206896551, 0.7637931034482758, 0.7948275862068965, 0.8258620689655172, 0.8568965517241379, 0.8879310344827586, 0.9189655172413792, 0.95]), ('learn_rate', [0.001, 0.002526315789473684, 0.0040526315789473685, 0.005578947368421052, 0.007105263157894736, 0.00863157894736842, 0.010157894736842105, 0.011684210526315787, 0.013210526315789471, 0.014736842105263156, 0.01626315789473684, 0.017789473684210525, 0.01931578947368421, 0.020842105263157894, 0.022368421052631576, 0.02389473684210526, 0.025421052631578945, 0.02694736842105263, 0.028473684210526314, 0.03])])"
71,71,0.057611545760234195,0 days 00:00:12.993849,0.20517241379310341,0.010157894736842105,106,"OrderedDict([('Dropout', [0.05, 0.08103448275862069, 0.11206896551724138, 0.14310344827586208, 0.17413793103448275, 0.20517241379310341, 0.2362068965517241, 0.2672413793103448, 0.2982758620689655, 0.32931034482758614, 0.36034482758620684, 0.39137931034482754, 0.42241379310344823, 0.45344827586206893, 0.48448275862068957, 0.5155172413793103, 0.546551724137931, 0.5775862068965517, 0.6086206896551724, 0.6396551724137931, 0.6706896551724137, 0.7017241379310345, 0.7327586206896551, 0.7637931034482758, 0.7948275862068965, 0.8258620689655172, 0.8568965517241379, 0.8879310344827586, 0.9189655172413792, 0.95]), ('learn_rate', [0.001, 0.002526315789473684, 0.0040526315789473685, 0.005578947368421052, 0.007105263157894736, 0.00863157894736842, 0.010157894736842105, 0.011684210526315787, 0.013210526315789471, 0.014736842105263156, 0.01626315789473684, 0.017789473684210525, 0.01931578947368421, 0.020842105263157894, 0.022368421052631576, 0.02389473684210526, 0.025421052631578945, 0.02694736842105263, 0.028473684210526314, 0.03])])"
72,72,0.5383206992061933,0 days 00:00:12.423043,0.7017241379310345,0.025421052631578945,436,"OrderedDict([('Dropout', [0.05, 0.08103448275862069, 0.11206896551724138, 0.14310344827586208, 0.17413793103448275, 0.20517241379310341, 0.2362068965517241, 0.2672413793103448, 0.2982758620689655, 0.32931034482758614, 0.36034482758620684, 0.39137931034482754, 0.42241379310344823, 0.45344827586206893, 0.48448275862068957, 0.5155172413793103, 0.546551724137931, 0.5775862068965517, 0.6086206896551724, 0.6396551724137931, 0.6706896551724137, 0.7017241379310345, 0.7327586206896551, 0.7637931034482758, 0.7948275862068965, 0.8258620689655172, 0.8568965517241379, 0.8879310344827586, 0.9189655172413792, 0.95]), ('learn_rate', [0.001, 0.002526315789473684, 0.0040526315789473685, 0.005578947368421052, 0.007105263157894736, 0.00863157894736842, 0.010157894736842105, 0.011684210526315787, 0.013210526315789471, 0.014736842105263156, 0.01626315789473684, 0.017789473684210525, 0.01931578947368421, 0.020842105263157894, 0.022368421052631576, 0.02389473684210526, 0.025421052631578945, 0.02694736842105263, 0.028473684210526314, 0.03])])"
73,73,0.11788152192473411,0 days 00:00:12.899615,0.42241379310344823,0.005578947368421052,243,"OrderedDict([('Dropout', [0.05, 0.08103448275862069, 0.11206896551724138, 0.14310344827586208, 0.17413793103448275, 0.20517241379310341, 0.2362068965517241, 0.2672413793103448, 0.2982758620689655, 0.32931034482758614, 0.36034482758620684, 0.39137931034482754, 0.42241379310344823, 0.45344827586206893, 0.48448275862068957, 0.5155172413793103, 0.546551724137931, 0.5775862068965517, 0.6086206896551724, 0.6396551724137931, 0.6706896551724137, 0.7017241379310345, 0.7327586206896551, 0.7637931034482758, 0.7948275862068965, 0.8258620689655172, 0.8568965517241379, 0.8879310344827586, 0.9189655172413792, 0.95]), ('learn_rate', [0.001, 0.002526315789473684, 0.0040526315789473685, 0.005578947368421052, 0.007105263157894736, 0.00863157894736842, 0.010157894736842105, 0.011684210526315787, 0.013210526315789471, 0.014736842105263156, 0.01626315789473684, 0.017789473684210525, 0.01931578947368421, 0.020842105263157894, 0.022368421052631576, 0.02389473684210526, 0.025421052631578945, 0.02694736842105263, 0.028473684210526314, 0.03])])"
74,74,0.37984937834978105,0 days 00:00:12.624851,0.95,0.005578947368421052,583,"OrderedDict([('Dropout', [0.05, 0.08103448275862069, 0.11206896551724138, 0.14310344827586208, 0.17413793103448275, 0.20517241379310341, 0.2362068965517241, 0.2672413793103448, 0.2982758620689655, 0.32931034482758614, 0.36034482758620684, 0.39137931034482754, 0.42241379310344823, 0.45344827586206893, 0.48448275862068957, 0.5155172413793103, 0.546551724137931, 0.5775862068965517, 0.6086206896551724, 0.6396551724137931, 0.6706896551724137, 0.7017241379310345, 0.7327586206896551, 0.7637931034482758, 0.7948275862068965, 0.8258620689655172, 0.8568965517241379, 0.8879310344827586, 0.9189655172413792, 0.95]), ('learn_rate', [0.001, 0.002526315789473684, 0.0040526315789473685, 0.005578947368421052, 0.007105263157894736, 0.00863157894736842, 0.010157894736842105, 0.011684210526315787, 0.013210526315789471, 0.014736842105263156, 0.01626315789473684, 0.017789473684210525, 0.01931578947368421, 0.020842105263157894, 0.022368421052631576, 0.02389473684210526, 0.025421052631578945, 0.02694736842105263, 0.028473684210526314, 0.03])])"
75,75,0.24454293578108155,0 days 00:00:12.903428,0.48448275862068957,0.010157894736842105,286,"OrderedDict([('Dropout', [0.05, 0.08103448275862069, 0.11206896551724138, 0.14310344827586208, 0.17413793103448275, 0.20517241379310341, 0.2362068965517241, 0.2672413793103448, 0.2982758620689655, 0.32931034482758614, 0.36034482758620684, 0.39137931034482754, 0.42241379310344823, 0.45344827586206893, 0.48448275862068957, 0.5155172413793103, 0.546551724137931, 0.5775862068965517, 0.6086206896551724, 0.6396551724137931, 0.6706896551724137, 0.7017241379310345, 0.7327586206896551, 0.7637931034482758, 0.7948275862068965, 0.8258620689655172, 0.8568965517241379, 0.8879310344827586, 0.9189655172413792, 0.95]), ('learn_rate', [0.001, 0.002526315789473684, 0.0040526315789473685, 0.005578947368421052, 0.007105263157894736, 0.00863157894736842, 0.010157894736842105, 0.011684210526315787, 0.013210526315789471, 0.014736842105263156, 0.01626315789473684, 0.017789473684210525, 0.01931578947368421, 0.020842105263157894, 0.022368421052631576, 0.02389473684210526, 0.025421052631578945, 0.02694736842105263, 0.028473684210526314, 0.03])])"
