,number,value,duration,params_Dropout,params_learn_rate,system_attrs_grid_id,system_attrs_search_space
456,456,0.273833282109499,0 days 00:00:12.884919,0.32931034482758614,0.01931578947368421,192,"OrderedDict([('Dropout', [0.05, 0.08103448275862069, 0.11206896551724138, 0.14310344827586208, 0.17413793103448275, 0.20517241379310341, 0.2362068965517241, 0.2672413793103448, 0.2982758620689655, 0.32931034482758614, 0.36034482758620684, 0.39137931034482754, 0.42241379310344823, 0.45344827586206893, 0.48448275862068957, 0.5155172413793103, 0.546551724137931, 0.5775862068965517, 0.6086206896551724, 0.6396551724137931, 0.6706896551724137, 0.7017241379310345, 0.7327586206896551, 0.7637931034482758, 0.7948275862068965, 0.8258620689655172, 0.8568965517241379, 0.8879310344827586, 0.9189655172413792, 0.95]), ('learn_rate', [0.001, 0.002526315789473684, 0.0040526315789473685, 0.005578947368421052, 0.007105263157894736, 0.00863157894736842, 0.010157894736842105, 0.011684210526315787, 0.013210526315789471, 0.014736842105263156, 0.01626315789473684, 0.017789473684210525, 0.01931578947368421, 0.020842105263157894, 0.022368421052631576, 0.02389473684210526, 0.025421052631578945, 0.02694736842105263, 0.028473684210526314, 0.03])])"
457,457,0.5369140013579528,0 days 00:00:12.511609,0.8568965517241379,0.010157894736842105,526,"OrderedDict([('Dropout', [0.05, 0.08103448275862069, 0.11206896551724138, 0.14310344827586208, 0.17413793103448275, 0.20517241379310341, 0.2362068965517241, 0.2672413793103448, 0.2982758620689655, 0.32931034482758614, 0.36034482758620684, 0.39137931034482754, 0.42241379310344823, 0.45344827586206893, 0.48448275862068957, 0.5155172413793103, 0.546551724137931, 0.5775862068965517, 0.6086206896551724, 0.6396551724137931, 0.6706896551724137, 0.7017241379310345, 0.7327586206896551, 0.7637931034482758, 0.7948275862068965, 0.8258620689655172, 0.8568965517241379, 0.8879310344827586, 0.9189655172413792, 0.95]), ('learn_rate', [0.001, 0.002526315789473684, 0.0040526315789473685, 0.005578947368421052, 0.007105263157894736, 0.00863157894736842, 0.010157894736842105, 0.011684210526315787, 0.013210526315789471, 0.014736842105263156, 0.01626315789473684, 0.017789473684210525, 0.01931578947368421, 0.020842105263157894, 0.022368421052631576, 0.02389473684210526, 0.025421052631578945, 0.02694736842105263, 0.028473684210526314, 0.03])])"
458,458,0.18927465556661294,0 days 00:00:12.837758,0.2362068965517241,0.025421052631578945,136,"OrderedDict([('Dropout', [0.05, 0.08103448275862069, 0.11206896551724138, 0.14310344827586208, 0.17413793103448275, 0.20517241379310341, 0.2362068965517241, 0.2672413793103448, 0.2982758620689655, 0.32931034482758614, 0.36034482758620684, 0.39137931034482754, 0.42241379310344823, 0.45344827586206893, 0.48448275862068957, 0.5155172413793103, 0.546551724137931, 0.5775862068965517, 0.6086206896551724, 0.6396551724137931, 0.6706896551724137, 0.7017241379310345, 0.7327586206896551, 0.7637931034482758, 0.7948275862068965, 0.8258620689655172, 0.8568965517241379, 0.8879310344827586, 0.9189655172413792, 0.95]), ('learn_rate', [0.001, 0.002526315789473684, 0.0040526315789473685, 0.005578947368421052, 0.007105263157894736, 0.00863157894736842, 0.010157894736842105, 0.011684210526315787, 0.013210526315789471, 0.014736842105263156, 0.01626315789473684, 0.017789473684210525, 0.01931578947368421, 0.020842105263157894, 0.022368421052631576, 0.02389473684210526, 0.025421052631578945, 0.02694736842105263, 0.028473684210526314, 0.03])])"
459,459,0.05996450063089531,0 days 00:00:13.027656,0.14310344827586208,0.022368421052631576,74,"OrderedDict([('Dropout', [0.05, 0.08103448275862069, 0.11206896551724138, 0.14310344827586208, 0.17413793103448275, 0.20517241379310341, 0.2362068965517241, 0.2672413793103448, 0.2982758620689655, 0.32931034482758614, 0.36034482758620684, 0.39137931034482754, 0.42241379310344823, 0.45344827586206893, 0.48448275862068957, 0.5155172413793103, 0.546551724137931, 0.5775862068965517, 0.6086206896551724, 0.6396551724137931, 0.6706896551724137, 0.7017241379310345, 0.7327586206896551, 0.7637931034482758, 0.7948275862068965, 0.8258620689655172, 0.8568965517241379, 0.8879310344827586, 0.9189655172413792, 0.95]), ('learn_rate', [0.001, 0.002526315789473684, 0.0040526315789473685, 0.005578947368421052, 0.007105263157894736, 0.00863157894736842, 0.010157894736842105, 0.011684210526315787, 0.013210526315789471, 0.014736842105263156, 0.01626315789473684, 0.017789473684210525, 0.01931578947368421, 0.020842105263157894, 0.022368421052631576, 0.02389473684210526, 0.025421052631578945, 0.02694736842105263, 0.028473684210526314, 0.03])])"
460,460,0.3150241997905573,0 days 00:00:12.838881,0.6706896551724137,0.007105263157894736,404,"OrderedDict([('Dropout', [0.05, 0.08103448275862069, 0.11206896551724138, 0.14310344827586208, 0.17413793103448275, 0.20517241379310341, 0.2362068965517241, 0.2672413793103448, 0.2982758620689655, 0.32931034482758614, 0.36034482758620684, 0.39137931034482754, 0.42241379310344823, 0.45344827586206893, 0.48448275862068957, 0.5155172413793103, 0.546551724137931, 0.5775862068965517, 0.6086206896551724, 0.6396551724137931, 0.6706896551724137, 0.7017241379310345, 0.7327586206896551, 0.7637931034482758, 0.7948275862068965, 0.8258620689655172, 0.8568965517241379, 0.8879310344827586, 0.9189655172413792, 0.95]), ('learn_rate', [0.001, 0.002526315789473684, 0.0040526315789473685, 0.005578947368421052, 0.007105263157894736, 0.00863157894736842, 0.010157894736842105, 0.011684210526315787, 0.013210526315789471, 0.014736842105263156, 0.01626315789473684, 0.017789473684210525, 0.01931578947368421, 0.020842105263157894, 0.022368421052631576, 0.02389473684210526, 0.025421052631578945, 0.02694736842105263, 0.028473684210526314, 0.03])])"
461,461,0.10453225544999045,0 days 00:00:12.825023,0.08103448275862069,0.013210526315789471,28,"OrderedDict([('Dropout', [0.05, 0.08103448275862069, 0.11206896551724138, 0.14310344827586208, 0.17413793103448275, 0.20517241379310341, 0.2362068965517241, 0.2672413793103448, 0.2982758620689655, 0.32931034482758614, 0.36034482758620684, 0.39137931034482754, 0.42241379310344823, 0.45344827586206893, 0.48448275862068957, 0.5155172413793103, 0.546551724137931, 0.5775862068965517, 0.6086206896551724, 0.6396551724137931, 0.6706896551724137, 0.7017241379310345, 0.7327586206896551, 0.7637931034482758, 0.7948275862068965, 0.8258620689655172, 0.8568965517241379, 0.8879310344827586, 0.9189655172413792, 0.95]), ('learn_rate', [0.001, 0.002526315789473684, 0.0040526315789473685, 0.005578947368421052, 0.007105263157894736, 0.00863157894736842, 0.010157894736842105, 0.011684210526315787, 0.013210526315789471, 0.014736842105263156, 0.01626315789473684, 0.017789473684210525, 0.01931578947368421, 0.020842105263157894, 0.022368421052631576, 0.02389473684210526, 0.025421052631578945, 0.02694736842105263, 0.028473684210526314, 0.03])])"
462,462,0.5039353475073973,0 days 00:00:12.663870,0.9189655172413792,0.025421052631578945,576,"OrderedDict([('Dropout', [0.05, 0.08103448275862069, 0.11206896551724138, 0.14310344827586208, 0.17413793103448275, 0.20517241379310341, 0.2362068965517241, 0.2672413793103448, 0.2982758620689655, 0.32931034482758614, 0.36034482758620684, 0.39137931034482754, 0.42241379310344823, 0.45344827586206893, 0.48448275862068957, 0.5155172413793103, 0.546551724137931, 0.5775862068965517, 0.6086206896551724, 0.6396551724137931, 0.6706896551724137, 0.7017241379310345, 0.7327586206896551, 0.7637931034482758, 0.7948275862068965, 0.8258620689655172, 0.8568965517241379, 0.8879310344827586, 0.9189655172413792, 0.95]), ('learn_rate', [0.001, 0.002526315789473684, 0.0040526315789473685, 0.005578947368421052, 0.007105263157894736, 0.00863157894736842, 0.010157894736842105, 0.011684210526315787, 0.013210526315789471, 0.014736842105263156, 0.01626315789473684, 0.017789473684210525, 0.01931578947368421, 0.020842105263157894, 0.022368421052631576, 0.02389473684210526, 0.025421052631578945, 0.02694736842105263, 0.028473684210526314, 0.03])])"
463,463,0.542761873057286,0 days 00:00:12.595408,0.5775862068965517,0.025421052631578945,356,"OrderedDict([('Dropout', [0.05, 0.08103448275862069, 0.11206896551724138, 0.14310344827586208, 0.17413793103448275, 0.20517241379310341, 0.2362068965517241, 0.2672413793103448, 0.2982758620689655, 0.32931034482758614, 0.36034482758620684, 0.39137931034482754, 0.42241379310344823, 0.45344827586206893, 0.48448275862068957, 0.5155172413793103, 0.546551724137931, 0.5775862068965517, 0.6086206896551724, 0.6396551724137931, 0.6706896551724137, 0.7017241379310345, 0.7327586206896551, 0.7637931034482758, 0.7948275862068965, 0.8258620689655172, 0.8568965517241379, 0.8879310344827586, 0.9189655172413792, 0.95]), ('learn_rate', [0.001, 0.002526315789473684, 0.0040526315789473685, 0.005578947368421052, 0.007105263157894736, 0.00863157894736842, 0.010157894736842105, 0.011684210526315787, 0.013210526315789471, 0.014736842105263156, 0.01626315789473684, 0.017789473684210525, 0.01931578947368421, 0.020842105263157894, 0.022368421052631576, 0.02389473684210526, 0.025421052631578945, 0.02694736842105263, 0.028473684210526314, 0.03])])"
464,464,0.41657166536370915,0 days 00:00:13.160683,0.6086206896551724,0.01626315789473684,370,"OrderedDict([('Dropout', [0.05, 0.08103448275862069, 0.11206896551724138, 0.14310344827586208, 0.17413793103448275, 0.20517241379310341, 0.2362068965517241, 0.2672413793103448, 0.2982758620689655, 0.32931034482758614, 0.36034482758620684, 0.39137931034482754, 0.42241379310344823, 0.45344827586206893, 0.48448275862068957, 0.5155172413793103, 0.546551724137931, 0.5775862068965517, 0.6086206896551724, 0.6396551724137931, 0.6706896551724137, 0.7017241379310345, 0.7327586206896551, 0.7637931034482758, 0.7948275862068965, 0.8258620689655172, 0.8568965517241379, 0.8879310344827586, 0.9189655172413792, 0.95]), ('learn_rate', [0.001, 0.002526315789473684, 0.0040526315789473685, 0.005578947368421052, 0.007105263157894736, 0.00863157894736842, 0.010157894736842105, 0.011684210526315787, 0.013210526315789471, 0.014736842105263156, 0.01626315789473684, 0.017789473684210525, 0.01931578947368421, 0.020842105263157894, 0.022368421052631576, 0.02389473684210526, 0.025421052631578945, 0.02694736842105263, 0.028473684210526314, 0.03])])"
465,465,0.5462326054076354,0 days 00:00:12.590411,0.7017241379310345,0.02694736842105263,437,"OrderedDict([('Dropout', [0.05, 0.08103448275862069, 0.11206896551724138, 0.14310344827586208, 0.17413793103448275, 0.20517241379310341, 0.2362068965517241, 0.2672413793103448, 0.2982758620689655, 0.32931034482758614, 0.36034482758620684, 0.39137931034482754, 0.42241379310344823, 0.45344827586206893, 0.48448275862068957, 0.5155172413793103, 0.546551724137931, 0.5775862068965517, 0.6086206896551724, 0.6396551724137931, 0.6706896551724137, 0.7017241379310345, 0.7327586206896551, 0.7637931034482758, 0.7948275862068965, 0.8258620689655172, 0.8568965517241379, 0.8879310344827586, 0.9189655172413792, 0.95]), ('learn_rate', [0.001, 0.002526315789473684, 0.0040526315789473685, 0.005578947368421052, 0.007105263157894736, 0.00863157894736842, 0.010157894736842105, 0.011684210526315787, 0.013210526315789471, 0.014736842105263156, 0.01626315789473684, 0.017789473684210525, 0.01931578947368421, 0.020842105263157894, 0.022368421052631576, 0.02389473684210526, 0.025421052631578945, 0.02694736842105263, 0.028473684210526314, 0.03])])"
466,466,0.45860630524118745,0 days 00:00:13.028719,0.6706896551724137,0.014736842105263156,409,"OrderedDict([('Dropout', [0.05, 0.08103448275862069, 0.11206896551724138, 0.14310344827586208, 0.17413793103448275, 0.20517241379310341, 0.2362068965517241, 0.2672413793103448, 0.2982758620689655, 0.32931034482758614, 0.36034482758620684, 0.39137931034482754, 0.42241379310344823, 0.45344827586206893, 0.48448275862068957, 0.5155172413793103, 0.546551724137931, 0.5775862068965517, 0.6086206896551724, 0.6396551724137931, 0.6706896551724137, 0.7017241379310345, 0.7327586206896551, 0.7637931034482758, 0.7948275862068965, 0.8258620689655172, 0.8568965517241379, 0.8879310344827586, 0.9189655172413792, 0.95]), ('learn_rate', [0.001, 0.002526315789473684, 0.0040526315789473685, 0.005578947368421052, 0.007105263157894736, 0.00863157894736842, 0.010157894736842105, 0.011684210526315787, 0.013210526315789471, 0.014736842105263156, 0.01626315789473684, 0.017789473684210525, 0.01931578947368421, 0.020842105263157894, 0.022368421052631576, 0.02389473684210526, 0.025421052631578945, 0.02694736842105263, 0.028473684210526314, 0.03])])"
467,467,0.5438455589079857,0 days 00:00:12.448877,0.6396551724137931,0.01931578947368421,392,"OrderedDict([('Dropout', [0.05, 0.08103448275862069, 0.11206896551724138, 0.14310344827586208, 0.17413793103448275, 0.20517241379310341, 0.2362068965517241, 0.2672413793103448, 0.2982758620689655, 0.32931034482758614, 0.36034482758620684, 0.39137931034482754, 0.42241379310344823, 0.45344827586206893, 0.48448275862068957, 0.5155172413793103, 0.546551724137931, 0.5775862068965517, 0.6086206896551724, 0.6396551724137931, 0.6706896551724137, 0.7017241379310345, 0.7327586206896551, 0.7637931034482758, 0.7948275862068965, 0.8258620689655172, 0.8568965517241379, 0.8879310344827586, 0.9189655172413792, 0.95]), ('learn_rate', [0.001, 0.002526315789473684, 0.0040526315789473685, 0.005578947368421052, 0.007105263157894736, 0.00863157894736842, 0.010157894736842105, 0.011684210526315787, 0.013210526315789471, 0.014736842105263156, 0.01626315789473684, 0.017789473684210525, 0.01931578947368421, 0.020842105263157894, 0.022368421052631576, 0.02389473684210526, 0.025421052631578945, 0.02694736842105263, 0.028473684210526314, 0.03])])"
468,468,0.05870751642147698,0 days 00:00:12.917428,0.05,0.0040526315789473685,2,"OrderedDict([('Dropout', [0.05, 0.08103448275862069, 0.11206896551724138, 0.14310344827586208, 0.17413793103448275, 0.20517241379310341, 0.2362068965517241, 0.2672413793103448, 0.2982758620689655, 0.32931034482758614, 0.36034482758620684, 0.39137931034482754, 0.42241379310344823, 0.45344827586206893, 0.48448275862068957, 0.5155172413793103, 0.546551724137931, 0.5775862068965517, 0.6086206896551724, 0.6396551724137931, 0.6706896551724137, 0.7017241379310345, 0.7327586206896551, 0.7637931034482758, 0.7948275862068965, 0.8258620689655172, 0.8568965517241379, 0.8879310344827586, 0.9189655172413792, 0.95]), ('learn_rate', [0.001, 0.002526315789473684, 0.0040526315789473685, 0.005578947368421052, 0.007105263157894736, 0.00863157894736842, 0.010157894736842105, 0.011684210526315787, 0.013210526315789471, 0.014736842105263156, 0.01626315789473684, 0.017789473684210525, 0.01931578947368421, 0.020842105263157894, 0.022368421052631576, 0.02389473684210526, 0.025421052631578945, 0.02694736842105263, 0.028473684210526314, 0.03])])"
469,469,0.28874570531964305,0 days 00:00:12.960052,0.36034482758620684,0.02694736842105263,217,"OrderedDict([('Dropout', [0.05, 0.08103448275862069, 0.11206896551724138, 0.14310344827586208, 0.17413793103448275, 0.20517241379310341, 0.2362068965517241, 0.2672413793103448, 0.2982758620689655, 0.32931034482758614, 0.36034482758620684, 0.39137931034482754, 0.42241379310344823, 0.45344827586206893, 0.48448275862068957, 0.5155172413793103, 0.546551724137931, 0.5775862068965517, 0.6086206896551724, 0.6396551724137931, 0.6706896551724137, 0.7017241379310345, 0.7327586206896551, 0.7637931034482758, 0.7948275862068965, 0.8258620689655172, 0.8568965517241379, 0.8879310344827586, 0.9189655172413792, 0.95]), ('learn_rate', [0.001, 0.002526315789473684, 0.0040526315789473685, 0.005578947368421052, 0.007105263157894736, 0.00863157894736842, 0.010157894736842105, 0.011684210526315787, 0.013210526315789471, 0.014736842105263156, 0.01626315789473684, 0.017789473684210525, 0.01931578947368421, 0.020842105263157894, 0.022368421052631576, 0.02389473684210526, 0.025421052631578945, 0.02694736842105263, 0.028473684210526314, 0.03])])"
470,470,0.1688804583094518,0 days 00:00:12.812234,0.2982758620689655,0.02389473684210526,175,"OrderedDict([('Dropout', [0.05, 0.08103448275862069, 0.11206896551724138, 0.14310344827586208, 0.17413793103448275, 0.20517241379310341, 0.2362068965517241, 0.2672413793103448, 0.2982758620689655, 0.32931034482758614, 0.36034482758620684, 0.39137931034482754, 0.42241379310344823, 0.45344827586206893, 0.48448275862068957, 0.5155172413793103, 0.546551724137931, 0.5775862068965517, 0.6086206896551724, 0.6396551724137931, 0.6706896551724137, 0.7017241379310345, 0.7327586206896551, 0.7637931034482758, 0.7948275862068965, 0.8258620689655172, 0.8568965517241379, 0.8879310344827586, 0.9189655172413792, 0.95]), ('learn_rate', [0.001, 0.002526315789473684, 0.0040526315789473685, 0.005578947368421052, 0.007105263157894736, 0.00863157894736842, 0.010157894736842105, 0.011684210526315787, 0.013210526315789471, 0.014736842105263156, 0.01626315789473684, 0.017789473684210525, 0.01931578947368421, 0.020842105263157894, 0.022368421052631576, 0.02389473684210526, 0.025421052631578945, 0.02694736842105263, 0.028473684210526314, 0.03])])"
471,471,0.21833401564757027,0 days 00:00:12.956199,0.45344827586206893,0.013210526315789471,268,"OrderedDict([('Dropout', [0.05, 0.08103448275862069, 0.11206896551724138, 0.14310344827586208, 0.17413793103448275, 0.20517241379310341, 0.2362068965517241, 0.2672413793103448, 0.2982758620689655, 0.32931034482758614, 0.36034482758620684, 0.39137931034482754, 0.42241379310344823, 0.45344827586206893, 0.48448275862068957, 0.5155172413793103, 0.546551724137931, 0.5775862068965517, 0.6086206896551724, 0.6396551724137931, 0.6706896551724137, 0.7017241379310345, 0.7327586206896551, 0.7637931034482758, 0.7948275862068965, 0.8258620689655172, 0.8568965517241379, 0.8879310344827586, 0.9189655172413792, 0.95]), ('learn_rate', [0.001, 0.002526315789473684, 0.0040526315789473685, 0.005578947368421052, 0.007105263157894736, 0.00863157894736842, 0.010157894736842105, 0.011684210526315787, 0.013210526315789471, 0.014736842105263156, 0.01626315789473684, 0.017789473684210525, 0.01931578947368421, 0.020842105263157894, 0.022368421052631576, 0.02389473684210526, 0.025421052631578945, 0.02694736842105263, 0.028473684210526314, 0.03])])"
472,472,0.38187015563050913,0 days 00:00:12.479730,0.95,0.0040526315789473685,582,"OrderedDict([('Dropout', [0.05, 0.08103448275862069, 0.11206896551724138, 0.14310344827586208, 0.17413793103448275, 0.20517241379310341, 0.2362068965517241, 0.2672413793103448, 0.2982758620689655, 0.32931034482758614, 0.36034482758620684, 0.39137931034482754, 0.42241379310344823, 0.45344827586206893, 0.48448275862068957, 0.5155172413793103, 0.546551724137931, 0.5775862068965517, 0.6086206896551724, 0.6396551724137931, 0.6706896551724137, 0.7017241379310345, 0.7327586206896551, 0.7637931034482758, 0.7948275862068965, 0.8258620689655172, 0.8568965517241379, 0.8879310344827586, 0.9189655172413792, 0.95]), ('learn_rate', [0.001, 0.002526315789473684, 0.0040526315789473685, 0.005578947368421052, 0.007105263157894736, 0.00863157894736842, 0.010157894736842105, 0.011684210526315787, 0.013210526315789471, 0.014736842105263156, 0.01626315789473684, 0.017789473684210525, 0.01931578947368421, 0.020842105263157894, 0.022368421052631576, 0.02389473684210526, 0.025421052631578945, 0.02694736842105263, 0.028473684210526314, 0.03])])"
473,473,0.25471843126297,0 days 00:00:12.763009,0.42241379310344823,0.01626315789473684,250,"OrderedDict([('Dropout', [0.05, 0.08103448275862069, 0.11206896551724138, 0.14310344827586208, 0.17413793103448275, 0.20517241379310341, 0.2362068965517241, 0.2672413793103448, 0.2982758620689655, 0.32931034482758614, 0.36034482758620684, 0.39137931034482754, 0.42241379310344823, 0.45344827586206893, 0.48448275862068957, 0.5155172413793103, 0.546551724137931, 0.5775862068965517, 0.6086206896551724, 0.6396551724137931, 0.6706896551724137, 0.7017241379310345, 0.7327586206896551, 0.7637931034482758, 0.7948275862068965, 0.8258620689655172, 0.8568965517241379, 0.8879310344827586, 0.9189655172413792, 0.95]), ('learn_rate', [0.001, 0.002526315789473684, 0.0040526315789473685, 0.005578947368421052, 0.007105263157894736, 0.00863157894736842, 0.010157894736842105, 0.011684210526315787, 0.013210526315789471, 0.014736842105263156, 0.01626315789473684, 0.017789473684210525, 0.01931578947368421, 0.020842105263157894, 0.022368421052631576, 0.02389473684210526, 0.025421052631578945, 0.02694736842105263, 0.028473684210526314, 0.03])])"
474,474,0.5315924604535103,0 days 00:00:12.701030,0.8258620689655172,0.013210526315789471,508,"OrderedDict([('Dropout', [0.05, 0.08103448275862069, 0.11206896551724138, 0.14310344827586208, 0.17413793103448275, 0.20517241379310341, 0.2362068965517241, 0.2672413793103448, 0.2982758620689655, 0.32931034482758614, 0.36034482758620684, 0.39137931034482754, 0.42241379310344823, 0.45344827586206893, 0.48448275862068957, 0.5155172413793103, 0.546551724137931, 0.5775862068965517, 0.6086206896551724, 0.6396551724137931, 0.6706896551724137, 0.7017241379310345, 0.7327586206896551, 0.7637931034482758, 0.7948275862068965, 0.8258620689655172, 0.8568965517241379, 0.8879310344827586, 0.9189655172413792, 0.95]), ('learn_rate', [0.001, 0.002526315789473684, 0.0040526315789473685, 0.005578947368421052, 0.007105263157894736, 0.00863157894736842, 0.010157894736842105, 0.011684210526315787, 0.013210526315789471, 0.014736842105263156, 0.01626315789473684, 0.017789473684210525, 0.01931578947368421, 0.020842105263157894, 0.022368421052631576, 0.02389473684210526, 0.025421052631578945, 0.02694736842105263, 0.028473684210526314, 0.03])])"
