,number,value,duration,params_Dropout,params_learn_rate,system_attrs_grid_id,system_attrs_search_space
76,76,0.05111952515681578,0 days 00:00:12.820592,0.11206896551724138,0.011684210526315787,47,"OrderedDict([('Dropout', [0.05, 0.08103448275862069, 0.11206896551724138, 0.14310344827586208, 0.17413793103448275, 0.20517241379310341, 0.2362068965517241, 0.2672413793103448, 0.2982758620689655, 0.32931034482758614, 0.36034482758620684, 0.39137931034482754, 0.42241379310344823, 0.45344827586206893, 0.48448275862068957, 0.5155172413793103, 0.546551724137931, 0.5775862068965517, 0.6086206896551724, 0.6396551724137931, 0.6706896551724137, 0.7017241379310345, 0.7327586206896551, 0.7637931034482758, 0.7948275862068965, 0.8258620689655172, 0.8568965517241379, 0.8879310344827586, 0.9189655172413792, 0.95]), ('learn_rate', [0.001, 0.002526315789473684, 0.0040526315789473685, 0.005578947368421052, 0.007105263157894736, 0.00863157894736842, 0.010157894736842105, 0.011684210526315787, 0.013210526315789471, 0.014736842105263156, 0.01626315789473684, 0.017789473684210525, 0.01931578947368421, 0.020842105263157894, 0.022368421052631576, 0.02389473684210526, 0.025421052631578945, 0.02694736842105263, 0.028473684210526314, 0.03])])"
77,77,0.21148064557909974,0 days 00:00:12.963507,0.36034482758620684,0.014736842105263156,209,"OrderedDict([('Dropout', [0.05, 0.08103448275862069, 0.11206896551724138, 0.14310344827586208, 0.17413793103448275, 0.20517241379310341, 0.2362068965517241, 0.2672413793103448, 0.2982758620689655, 0.32931034482758614, 0.36034482758620684, 0.39137931034482754, 0.42241379310344823, 0.45344827586206893, 0.48448275862068957, 0.5155172413793103, 0.546551724137931, 0.5775862068965517, 0.6086206896551724, 0.6396551724137931, 0.6706896551724137, 0.7017241379310345, 0.7327586206896551, 0.7637931034482758, 0.7948275862068965, 0.8258620689655172, 0.8568965517241379, 0.8879310344827586, 0.9189655172413792, 0.95]), ('learn_rate', [0.001, 0.002526315789473684, 0.0040526315789473685, 0.005578947368421052, 0.007105263157894736, 0.00863157894736842, 0.010157894736842105, 0.011684210526315787, 0.013210526315789471, 0.014736842105263156, 0.01626315789473684, 0.017789473684210525, 0.01931578947368421, 0.020842105263157894, 0.022368421052631576, 0.02389473684210526, 0.025421052631578945, 0.02694736842105263, 0.028473684210526314, 0.03])])"
78,78,0.5440817103882631,0 days 00:00:12.552719,0.7327586206896551,0.02389473684210526,455,"OrderedDict([('Dropout', [0.05, 0.08103448275862069, 0.11206896551724138, 0.14310344827586208, 0.17413793103448275, 0.20517241379310341, 0.2362068965517241, 0.2672413793103448, 0.2982758620689655, 0.32931034482758614, 0.36034482758620684, 0.39137931034482754, 0.42241379310344823, 0.45344827586206893, 0.48448275862068957, 0.5155172413793103, 0.546551724137931, 0.5775862068965517, 0.6086206896551724, 0.6396551724137931, 0.6706896551724137, 0.7017241379310345, 0.7327586206896551, 0.7637931034482758, 0.7948275862068965, 0.8258620689655172, 0.8568965517241379, 0.8879310344827586, 0.9189655172413792, 0.95]), ('learn_rate', [0.001, 0.002526315789473684, 0.0040526315789473685, 0.005578947368421052, 0.007105263157894736, 0.00863157894736842, 0.010157894736842105, 0.011684210526315787, 0.013210526315789471, 0.014736842105263156, 0.01626315789473684, 0.017789473684210525, 0.01931578947368421, 0.020842105263157894, 0.022368421052631576, 0.02389473684210526, 0.025421052631578945, 0.02694736842105263, 0.028473684210526314, 0.03])])"
79,79,0.36341246722300846,0 days 00:00:12.538469,0.546551724137931,0.01931578947368421,332,"OrderedDict([('Dropout', [0.05, 0.08103448275862069, 0.11206896551724138, 0.14310344827586208, 0.17413793103448275, 0.20517241379310341, 0.2362068965517241, 0.2672413793103448, 0.2982758620689655, 0.32931034482758614, 0.36034482758620684, 0.39137931034482754, 0.42241379310344823, 0.45344827586206893, 0.48448275862068957, 0.5155172413793103, 0.546551724137931, 0.5775862068965517, 0.6086206896551724, 0.6396551724137931, 0.6706896551724137, 0.7017241379310345, 0.7327586206896551, 0.7637931034482758, 0.7948275862068965, 0.8258620689655172, 0.8568965517241379, 0.8879310344827586, 0.9189655172413792, 0.95]), ('learn_rate', [0.001, 0.002526315789473684, 0.0040526315789473685, 0.005578947368421052, 0.007105263157894736, 0.00863157894736842, 0.010157894736842105, 0.011684210526315787, 0.013210526315789471, 0.014736842105263156, 0.01626315789473684, 0.017789473684210525, 0.01931578947368421, 0.020842105263157894, 0.022368421052631576, 0.02389473684210526, 0.025421052631578945, 0.02694736842105263, 0.028473684210526314, 0.03])])"
80,80,0.1543560785810153,0 days 00:00:13.060358,0.20517241379310341,0.014736842105263156,109,"OrderedDict([('Dropout', [0.05, 0.08103448275862069, 0.11206896551724138, 0.14310344827586208, 0.17413793103448275, 0.20517241379310341, 0.2362068965517241, 0.2672413793103448, 0.2982758620689655, 0.32931034482758614, 0.36034482758620684, 0.39137931034482754, 0.42241379310344823, 0.45344827586206893, 0.48448275862068957, 0.5155172413793103, 0.546551724137931, 0.5775862068965517, 0.6086206896551724, 0.6396551724137931, 0.6706896551724137, 0.7017241379310345, 0.7327586206896551, 0.7637931034482758, 0.7948275862068965, 0.8258620689655172, 0.8568965517241379, 0.8879310344827586, 0.9189655172413792, 0.95]), ('learn_rate', [0.001, 0.002526315789473684, 0.0040526315789473685, 0.005578947368421052, 0.007105263157894736, 0.00863157894736842, 0.010157894736842105, 0.011684210526315787, 0.013210526315789471, 0.014736842105263156, 0.01626315789473684, 0.017789473684210525, 0.01931578947368421, 0.020842105263157894, 0.022368421052631576, 0.02389473684210526, 0.025421052631578945, 0.02694736842105263, 0.028473684210526314, 0.03])])"
81,81,0.5390962986250718,0 days 00:00:12.370031,0.7948275862068965,0.01931578947368421,492,"OrderedDict([('Dropout', [0.05, 0.08103448275862069, 0.11206896551724138, 0.14310344827586208, 0.17413793103448275, 0.20517241379310341, 0.2362068965517241, 0.2672413793103448, 0.2982758620689655, 0.32931034482758614, 0.36034482758620684, 0.39137931034482754, 0.42241379310344823, 0.45344827586206893, 0.48448275862068957, 0.5155172413793103, 0.546551724137931, 0.5775862068965517, 0.6086206896551724, 0.6396551724137931, 0.6706896551724137, 0.7017241379310345, 0.7327586206896551, 0.7637931034482758, 0.7948275862068965, 0.8258620689655172, 0.8568965517241379, 0.8879310344827586, 0.9189655172413792, 0.95]), ('learn_rate', [0.001, 0.002526315789473684, 0.0040526315789473685, 0.005578947368421052, 0.007105263157894736, 0.00863157894736842, 0.010157894736842105, 0.011684210526315787, 0.013210526315789471, 0.014736842105263156, 0.01626315789473684, 0.017789473684210525, 0.01931578947368421, 0.020842105263157894, 0.022368421052631576, 0.02389473684210526, 0.025421052631578945, 0.02694736842105263, 0.028473684210526314, 0.03])])"
82,82,0.53333922553579,0 days 00:00:12.750338,0.7637931034482758,0.014736842105263156,469,"OrderedDict([('Dropout', [0.05, 0.08103448275862069, 0.11206896551724138, 0.14310344827586208, 0.17413793103448275, 0.20517241379310341, 0.2362068965517241, 0.2672413793103448, 0.2982758620689655, 0.32931034482758614, 0.36034482758620684, 0.39137931034482754, 0.42241379310344823, 0.45344827586206893, 0.48448275862068957, 0.5155172413793103, 0.546551724137931, 0.5775862068965517, 0.6086206896551724, 0.6396551724137931, 0.6706896551724137, 0.7017241379310345, 0.7327586206896551, 0.7637931034482758, 0.7948275862068965, 0.8258620689655172, 0.8568965517241379, 0.8879310344827586, 0.9189655172413792, 0.95]), ('learn_rate', [0.001, 0.002526315789473684, 0.0040526315789473685, 0.005578947368421052, 0.007105263157894736, 0.00863157894736842, 0.010157894736842105, 0.011684210526315787, 0.013210526315789471, 0.014736842105263156, 0.01626315789473684, 0.017789473684210525, 0.01931578947368421, 0.020842105263157894, 0.022368421052631576, 0.02389473684210526, 0.025421052631578945, 0.02694736842105263, 0.028473684210526314, 0.03])])"
83,83,0.19709481526772188,0 days 00:00:12.656844,0.39137931034482754,0.00863157894736842,225,"OrderedDict([('Dropout', [0.05, 0.08103448275862069, 0.11206896551724138, 0.14310344827586208, 0.17413793103448275, 0.20517241379310341, 0.2362068965517241, 0.2672413793103448, 0.2982758620689655, 0.32931034482758614, 0.36034482758620684, 0.39137931034482754, 0.42241379310344823, 0.45344827586206893, 0.48448275862068957, 0.5155172413793103, 0.546551724137931, 0.5775862068965517, 0.6086206896551724, 0.6396551724137931, 0.6706896551724137, 0.7017241379310345, 0.7327586206896551, 0.7637931034482758, 0.7948275862068965, 0.8258620689655172, 0.8568965517241379, 0.8879310344827586, 0.9189655172413792, 0.95]), ('learn_rate', [0.001, 0.002526315789473684, 0.0040526315789473685, 0.005578947368421052, 0.007105263157894736, 0.00863157894736842, 0.010157894736842105, 0.011684210526315787, 0.013210526315789471, 0.014736842105263156, 0.01626315789473684, 0.017789473684210525, 0.01931578947368421, 0.020842105263157894, 0.022368421052631576, 0.02389473684210526, 0.025421052631578945, 0.02694736842105263, 0.028473684210526314, 0.03])])"
84,84,0.12756181343058748,0 days 00:00:13.037797,0.42241379310344823,0.007105263157894736,244,"OrderedDict([('Dropout', [0.05, 0.08103448275862069, 0.11206896551724138, 0.14310344827586208, 0.17413793103448275, 0.20517241379310341, 0.2362068965517241, 0.2672413793103448, 0.2982758620689655, 0.32931034482758614, 0.36034482758620684, 0.39137931034482754, 0.42241379310344823, 0.45344827586206893, 0.48448275862068957, 0.5155172413793103, 0.546551724137931, 0.5775862068965517, 0.6086206896551724, 0.6396551724137931, 0.6706896551724137, 0.7017241379310345, 0.7327586206896551, 0.7637931034482758, 0.7948275862068965, 0.8258620689655172, 0.8568965517241379, 0.8879310344827586, 0.9189655172413792, 0.95]), ('learn_rate', [0.001, 0.002526315789473684, 0.0040526315789473685, 0.005578947368421052, 0.007105263157894736, 0.00863157894736842, 0.010157894736842105, 0.011684210526315787, 0.013210526315789471, 0.014736842105263156, 0.01626315789473684, 0.017789473684210525, 0.01931578947368421, 0.020842105263157894, 0.022368421052631576, 0.02389473684210526, 0.025421052631578945, 0.02694736842105263, 0.028473684210526314, 0.03])])"
85,85,0.47090095407048865,0 days 00:00:12.686587,0.9189655172413792,0.014736842105263156,569,"OrderedDict([('Dropout', [0.05, 0.08103448275862069, 0.11206896551724138, 0.14310344827586208, 0.17413793103448275, 0.20517241379310341, 0.2362068965517241, 0.2672413793103448, 0.2982758620689655, 0.32931034482758614, 0.36034482758620684, 0.39137931034482754, 0.42241379310344823, 0.45344827586206893, 0.48448275862068957, 0.5155172413793103, 0.546551724137931, 0.5775862068965517, 0.6086206896551724, 0.6396551724137931, 0.6706896551724137, 0.7017241379310345, 0.7327586206896551, 0.7637931034482758, 0.7948275862068965, 0.8258620689655172, 0.8568965517241379, 0.8879310344827586, 0.9189655172413792, 0.95]), ('learn_rate', [0.001, 0.002526315789473684, 0.0040526315789473685, 0.005578947368421052, 0.007105263157894736, 0.00863157894736842, 0.010157894736842105, 0.011684210526315787, 0.013210526315789471, 0.014736842105263156, 0.01626315789473684, 0.017789473684210525, 0.01931578947368421, 0.020842105263157894, 0.022368421052631576, 0.02389473684210526, 0.025421052631578945, 0.02694736842105263, 0.028473684210526314, 0.03])])"
86,86,0.24279577923337614,0 days 00:00:12.450008,0.39137931034482754,0.007105263157894736,224,"OrderedDict([('Dropout', [0.05, 0.08103448275862069, 0.11206896551724138, 0.14310344827586208, 0.17413793103448275, 0.20517241379310341, 0.2362068965517241, 0.2672413793103448, 0.2982758620689655, 0.32931034482758614, 0.36034482758620684, 0.39137931034482754, 0.42241379310344823, 0.45344827586206893, 0.48448275862068957, 0.5155172413793103, 0.546551724137931, 0.5775862068965517, 0.6086206896551724, 0.6396551724137931, 0.6706896551724137, 0.7017241379310345, 0.7327586206896551, 0.7637931034482758, 0.7948275862068965, 0.8258620689655172, 0.8568965517241379, 0.8879310344827586, 0.9189655172413792, 0.95]), ('learn_rate', [0.001, 0.002526315789473684, 0.0040526315789473685, 0.005578947368421052, 0.007105263157894736, 0.00863157894736842, 0.010157894736842105, 0.011684210526315787, 0.013210526315789471, 0.014736842105263156, 0.01626315789473684, 0.017789473684210525, 0.01931578947368421, 0.020842105263157894, 0.022368421052631576, 0.02389473684210526, 0.025421052631578945, 0.02694736842105263, 0.028473684210526314, 0.03])])"
87,87,0.5097691173887252,0 days 00:00:12.765379,0.9189655172413792,0.03,579,"OrderedDict([('Dropout', [0.05, 0.08103448275862069, 0.11206896551724138, 0.14310344827586208, 0.17413793103448275, 0.20517241379310341, 0.2362068965517241, 0.2672413793103448, 0.2982758620689655, 0.32931034482758614, 0.36034482758620684, 0.39137931034482754, 0.42241379310344823, 0.45344827586206893, 0.48448275862068957, 0.5155172413793103, 0.546551724137931, 0.5775862068965517, 0.6086206896551724, 0.6396551724137931, 0.6706896551724137, 0.7017241379310345, 0.7327586206896551, 0.7637931034482758, 0.7948275862068965, 0.8258620689655172, 0.8568965517241379, 0.8879310344827586, 0.9189655172413792, 0.95]), ('learn_rate', [0.001, 0.002526315789473684, 0.0040526315789473685, 0.005578947368421052, 0.007105263157894736, 0.00863157894736842, 0.010157894736842105, 0.011684210526315787, 0.013210526315789471, 0.014736842105263156, 0.01626315789473684, 0.017789473684210525, 0.01931578947368421, 0.020842105263157894, 0.022368421052631576, 0.02389473684210526, 0.025421052631578945, 0.02694736842105263, 0.028473684210526314, 0.03])])"
88,88,0.5403708752504985,0 days 00:00:12.449024,0.8879310344827586,0.028473684210526314,558,"OrderedDict([('Dropout', [0.05, 0.08103448275862069, 0.11206896551724138, 0.14310344827586208, 0.17413793103448275, 0.20517241379310341, 0.2362068965517241, 0.2672413793103448, 0.2982758620689655, 0.32931034482758614, 0.36034482758620684, 0.39137931034482754, 0.42241379310344823, 0.45344827586206893, 0.48448275862068957, 0.5155172413793103, 0.546551724137931, 0.5775862068965517, 0.6086206896551724, 0.6396551724137931, 0.6706896551724137, 0.7017241379310345, 0.7327586206896551, 0.7637931034482758, 0.7948275862068965, 0.8258620689655172, 0.8568965517241379, 0.8879310344827586, 0.9189655172413792, 0.95]), ('learn_rate', [0.001, 0.002526315789473684, 0.0040526315789473685, 0.005578947368421052, 0.007105263157894736, 0.00863157894736842, 0.010157894736842105, 0.011684210526315787, 0.013210526315789471, 0.014736842105263156, 0.01626315789473684, 0.017789473684210525, 0.01931578947368421, 0.020842105263157894, 0.022368421052631576, 0.02389473684210526, 0.025421052631578945, 0.02694736842105263, 0.028473684210526314, 0.03])])"
89,89,0.5169881384956836,0 days 00:00:12.954739,0.95,0.02694736842105263,597,"OrderedDict([('Dropout', [0.05, 0.08103448275862069, 0.11206896551724138, 0.14310344827586208, 0.17413793103448275, 0.20517241379310341, 0.2362068965517241, 0.2672413793103448, 0.2982758620689655, 0.32931034482758614, 0.36034482758620684, 0.39137931034482754, 0.42241379310344823, 0.45344827586206893, 0.48448275862068957, 0.5155172413793103, 0.546551724137931, 0.5775862068965517, 0.6086206896551724, 0.6396551724137931, 0.6706896551724137, 0.7017241379310345, 0.7327586206896551, 0.7637931034482758, 0.7948275862068965, 0.8258620689655172, 0.8568965517241379, 0.8879310344827586, 0.9189655172413792, 0.95]), ('learn_rate', [0.001, 0.002526315789473684, 0.0040526315789473685, 0.005578947368421052, 0.007105263157894736, 0.00863157894736842, 0.010157894736842105, 0.011684210526315787, 0.013210526315789471, 0.014736842105263156, 0.01626315789473684, 0.017789473684210525, 0.01931578947368421, 0.020842105263157894, 0.022368421052631576, 0.02389473684210526, 0.025421052631578945, 0.02694736842105263, 0.028473684210526314, 0.03])])"
90,90,0.15770666318297388,0 days 00:00:12.693565,0.2982758620689655,0.011684210526315787,167,"OrderedDict([('Dropout', [0.05, 0.08103448275862069, 0.11206896551724138, 0.14310344827586208, 0.17413793103448275, 0.20517241379310341, 0.2362068965517241, 0.2672413793103448, 0.2982758620689655, 0.32931034482758614, 0.36034482758620684, 0.39137931034482754, 0.42241379310344823, 0.45344827586206893, 0.48448275862068957, 0.5155172413793103, 0.546551724137931, 0.5775862068965517, 0.6086206896551724, 0.6396551724137931, 0.6706896551724137, 0.7017241379310345, 0.7327586206896551, 0.7637931034482758, 0.7948275862068965, 0.8258620689655172, 0.8568965517241379, 0.8879310344827586, 0.9189655172413792, 0.95]), ('learn_rate', [0.001, 0.002526315789473684, 0.0040526315789473685, 0.005578947368421052, 0.007105263157894736, 0.00863157894736842, 0.010157894736842105, 0.011684210526315787, 0.013210526315789471, 0.014736842105263156, 0.01626315789473684, 0.017789473684210525, 0.01931578947368421, 0.020842105263157894, 0.022368421052631576, 0.02389473684210526, 0.025421052631578945, 0.02694736842105263, 0.028473684210526314, 0.03])])"
91,91,0.5418145306507747,0 days 00:00:12.544921,0.6396551724137931,0.017789473684210525,391,"OrderedDict([('Dropout', [0.05, 0.08103448275862069, 0.11206896551724138, 0.14310344827586208, 0.17413793103448275, 0.20517241379310341, 0.2362068965517241, 0.2672413793103448, 0.2982758620689655, 0.32931034482758614, 0.36034482758620684, 0.39137931034482754, 0.42241379310344823, 0.45344827586206893, 0.48448275862068957, 0.5155172413793103, 0.546551724137931, 0.5775862068965517, 0.6086206896551724, 0.6396551724137931, 0.6706896551724137, 0.7017241379310345, 0.7327586206896551, 0.7637931034482758, 0.7948275862068965, 0.8258620689655172, 0.8568965517241379, 0.8879310344827586, 0.9189655172413792, 0.95]), ('learn_rate', [0.001, 0.002526315789473684, 0.0040526315789473685, 0.005578947368421052, 0.007105263157894736, 0.00863157894736842, 0.010157894736842105, 0.011684210526315787, 0.013210526315789471, 0.014736842105263156, 0.01626315789473684, 0.017789473684210525, 0.01931578947368421, 0.020842105263157894, 0.022368421052631576, 0.02389473684210526, 0.025421052631578945, 0.02694736842105263, 0.028473684210526314, 0.03])])"
92,92,0.0635836732415358,0 days 00:00:12.681736,0.14310344827586208,0.02694736842105263,77,"OrderedDict([('Dropout', [0.05, 0.08103448275862069, 0.11206896551724138, 0.14310344827586208, 0.17413793103448275, 0.20517241379310341, 0.2362068965517241, 0.2672413793103448, 0.2982758620689655, 0.32931034482758614, 0.36034482758620684, 0.39137931034482754, 0.42241379310344823, 0.45344827586206893, 0.48448275862068957, 0.5155172413793103, 0.546551724137931, 0.5775862068965517, 0.6086206896551724, 0.6396551724137931, 0.6706896551724137, 0.7017241379310345, 0.7327586206896551, 0.7637931034482758, 0.7948275862068965, 0.8258620689655172, 0.8568965517241379, 0.8879310344827586, 0.9189655172413792, 0.95]), ('learn_rate', [0.001, 0.002526315789473684, 0.0040526315789473685, 0.005578947368421052, 0.007105263157894736, 0.00863157894736842, 0.010157894736842105, 0.011684210526315787, 0.013210526315789471, 0.014736842105263156, 0.01626315789473684, 0.017789473684210525, 0.01931578947368421, 0.020842105263157894, 0.022368421052631576, 0.02389473684210526, 0.025421052631578945, 0.02694736842105263, 0.028473684210526314, 0.03])])"
93,93,0.5270929962861538,0 days 00:00:12.845624,0.8568965517241379,0.007105263157894736,524,"OrderedDict([('Dropout', [0.05, 0.08103448275862069, 0.11206896551724138, 0.14310344827586208, 0.17413793103448275, 0.20517241379310341, 0.2362068965517241, 0.2672413793103448, 0.2982758620689655, 0.32931034482758614, 0.36034482758620684, 0.39137931034482754, 0.42241379310344823, 0.45344827586206893, 0.48448275862068957, 0.5155172413793103, 0.546551724137931, 0.5775862068965517, 0.6086206896551724, 0.6396551724137931, 0.6706896551724137, 0.7017241379310345, 0.7327586206896551, 0.7637931034482758, 0.7948275862068965, 0.8258620689655172, 0.8568965517241379, 0.8879310344827586, 0.9189655172413792, 0.95]), ('learn_rate', [0.001, 0.002526315789473684, 0.0040526315789473685, 0.005578947368421052, 0.007105263157894736, 0.00863157894736842, 0.010157894736842105, 0.011684210526315787, 0.013210526315789471, 0.014736842105263156, 0.01626315789473684, 0.017789473684210525, 0.01931578947368421, 0.020842105263157894, 0.022368421052631576, 0.02389473684210526, 0.025421052631578945, 0.02694736842105263, 0.028473684210526314, 0.03])])"
94,94,0.07239702050606411,0 days 00:00:12.938330,0.14310344827586208,0.011684210526315787,67,"OrderedDict([('Dropout', [0.05, 0.08103448275862069, 0.11206896551724138, 0.14310344827586208, 0.17413793103448275, 0.20517241379310341, 0.2362068965517241, 0.2672413793103448, 0.2982758620689655, 0.32931034482758614, 0.36034482758620684, 0.39137931034482754, 0.42241379310344823, 0.45344827586206893, 0.48448275862068957, 0.5155172413793103, 0.546551724137931, 0.5775862068965517, 0.6086206896551724, 0.6396551724137931, 0.6706896551724137, 0.7017241379310345, 0.7327586206896551, 0.7637931034482758, 0.7948275862068965, 0.8258620689655172, 0.8568965517241379, 0.8879310344827586, 0.9189655172413792, 0.95]), ('learn_rate', [0.001, 0.002526315789473684, 0.0040526315789473685, 0.005578947368421052, 0.007105263157894736, 0.00863157894736842, 0.010157894736842105, 0.011684210526315787, 0.013210526315789471, 0.014736842105263156, 0.01626315789473684, 0.017789473684210525, 0.01931578947368421, 0.020842105263157894, 0.022368421052631576, 0.02389473684210526, 0.025421052631578945, 0.02694736842105263, 0.028473684210526314, 0.03])])"
